The system is: Linux - 3.19.0-51-generic - x86_64
Compiling the C compiler identification source file "CMakeCCompilerId.c" succeeded.
Compiler: /usr/bin/cc 
Build flags: 
Id flags: 

The output was:
0


Compilation of the C compiler identification source "CMakeCCompilerId.c" produced "a.out"

The C compiler identification is GNU, found in "/home/jr/github/RoboOps-Senior-Design/Source/RoboOps_ControllerCode/manual_keyboard_control/build/CMakeFiles/2.8.12.2/CompilerIdC/a.out"

Compiling the CXX compiler identification source file "CMakeCXXCompilerId.cpp" succeeded.
Compiler: /usr/bin/c++ 
Build flags: 
Id flags: 

The output was:
0


Compilation of the CXX compiler identification source "CMakeCXXCompilerId.cpp" produced "a.out"

The CXX compiler identification is GNU, found in "/home/jr/github/RoboOps-Senior-Design/Source/RoboOps_ControllerCode/manual_keyboard_control/build/CMakeFiles/2.8.12.2/CompilerIdCXX/a.out"

Determining if the C compiler works passed with the following output:
Change Dir: /home/jr/github/RoboOps-Senior-Design/Source/RoboOps_ControllerCode/manual_keyboard_control/build/CMakeFiles/CMakeTmp

Run Build Command:/usr/bin/make "cmTryCompileExec1376913450/fast"
make[1]: Entering directory `/home/jr/github/RoboOps-Senior-Design/Source/RoboOps_ControllerCode/manual_keyboard_control/build/CMakeFiles/CMakeTmp'
/usr/bin/make -f CMakeFiles/cmTryCompileExec1376913450.dir/build.make CMakeFiles/cmTryCompileExec1376913450.dir/build
make[2]: Entering directory `/home/jr/github/RoboOps-Senior-Design/Source/RoboOps_ControllerCode/manual_keyboard_control/build/CMakeFiles/CMakeTmp'
/usr/bin/cmake -E cmake_progress_report /home/jr/github/RoboOps-Senior-Design/Source/RoboOps_ControllerCode/manual_keyboard_control/build/CMakeFiles/CMakeTmp/CMakeFiles 1
Building C object CMakeFiles/cmTryCompileExec1376913450.dir/testCCompiler.c.o
/usr/bin/cc    -o CMakeFiles/cmTryCompileExec1376913450.dir/testCCompiler.c.o   -c /home/jr/github/RoboOps-Senior-Design/Source/RoboOps_ControllerCode/manual_keyboard_control/build/CMakeFiles/CMakeTmp/testCCompiler.c
Linking C executable cmTryCompileExec1376913450
/usr/bin/cmake -E cmake_link_script CMakeFiles/cmTryCompileExec1376913450.dir/link.txt --verbose=1
/usr/bin/cc       CMakeFiles/cmTryCompileExec1376913450.dir/testCCompiler.c.o  -o cmTryCompileExec1376913450 -rdynamic 
make[2]: Leaving directory `/home/jr/github/RoboOps-Senior-Design/Source/RoboOps_ControllerCode/manual_keyboard_control/build/CMakeFiles/CMakeTmp'
make[1]: Leaving directory `/home/jr/github/RoboOps-Senior-Design/Source/RoboOps_ControllerCode/manual_keyboard_control/build/CMakeFiles/CMakeTmp'


Detecting C compiler ABI info compiled with the following output:
Change Dir: /home/jr/github/RoboOps-Senior-Design/Source/RoboOps_ControllerCode/manual_keyboard_control/build/CMakeFiles/CMakeTmp

Run Build Command:/usr/bin/make "cmTryCompileExec3111683514/fast"
make[1]: Entering directory `/home/jr/github/RoboOps-Senior-Design/Source/RoboOps_ControllerCode/manual_keyboard_control/build/CMakeFiles/CMakeTmp'
/usr/bin/make -f CMakeFiles/cmTryCompileExec3111683514.dir/build.make CMakeFiles/cmTryCompileExec3111683514.dir/build
make[2]: Entering directory `/home/jr/github/RoboOps-Senior-Design/Source/RoboOps_ControllerCode/manual_keyboard_control/build/CMakeFiles/CMakeTmp'
/usr/bin/cmake -E cmake_progress_report /home/jr/github/RoboOps-Senior-Design/Source/RoboOps_ControllerCode/manual_keyboard_control/build/CMakeFiles/CMakeTmp/CMakeFiles 1
Building C object CMakeFiles/cmTryCompileExec3111683514.dir/CMakeCCompilerABI.c.o
/usr/bin/cc    -o CMakeFiles/cmTryCompileExec3111683514.dir/CMakeCCompilerABI.c.o   -c /usr/share/cmake-2.8/Modules/CMakeCCompilerABI.c
Linking C executable cmTryCompileExec3111683514
/usr/bin/cmake -E cmake_link_script CMakeFiles/cmTryCompileExec3111683514.dir/link.txt --verbose=1
/usr/bin/cc     -v CMakeFiles/cmTryCompileExec3111683514.dir/CMakeCCompilerABI.c.o  -o cmTryCompileExec3111683514 -rdynamic  
Using built-in specs.
COLLECT_GCC=/usr/bin/cc
COLLECT_LTO_WRAPPER=/usr/lib/gcc/x86_64-linux-gnu/4.8/lto-wrapper
Target: x86_64-linux-gnu
Configured with: ../src/configure -v --with-pkgversion='Ubuntu 4.8.4-2ubuntu1~14.04.1' --with-bugurl=file:///usr/share/doc/gcc-4.8/README.Bugs --enable-languages=c,c++,java,go,d,fortran,objc,obj-c++ --prefix=/usr --program-suffix=-4.8 --enable-shared --enable-linker-build-id --libexecdir=/usr/lib --without-included-gettext --enable-threads=posix --with-gxx-include-dir=/usr/include/c++/4.8 --libdir=/usr/lib --enable-nls --with-sysroot=/ --enable-clocale=gnu --enable-libstdcxx-debug --enable-libstdcxx-time=yes --enable-gnu-unique-object --disable-libmudflap --enable-plugin --with-system-zlib --disable-browser-plugin --enable-java-awt=gtk --enable-gtk-cairo --with-java-home=/usr/lib/jvm/java-1.5.0-gcj-4.8-amd64/jre --enable-java-home --with-jvm-root-dir=/usr/lib/jvm/java-1.5.0-gcj-4.8-amd64 --with-jvm-jar-dir=/usr/lib/jvm-exports/java-1.5.0-gcj-4.8-amd64 --with-arch-directory=amd64 --with-ecj-jar=/usr/share/java/eclipse-ecj.jar --enable-objc-gc --enable-multiarch --disable-werror --with-arch-32=i686 --with-abi=m64 --with-multilib-list=m32,m64,mx32 --with-tune=generic --enable-checking=release --build=x86_64-linux-gnu --host=x86_64-linux-gnu --target=x86_64-linux-gnu
Thread model: posix
gcc version 4.8.4 (Ubuntu 4.8.4-2ubuntu1~14.04.1) 
COMPILER_PATH=/usr/lib/gcc/x86_64-linux-gnu/4.8/:/usr/lib/gcc/x86_64-linux-gnu/4.8/:/usr/lib/gcc/x86_64-linux-gnu/:/usr/lib/gcc/x86_64-linux-gnu/4.8/:/usr/lib/gcc/x86_64-linux-gnu/
LIBRARY_PATH=/usr/lib/gcc/x86_64-linux-gnu/4.8/:/usr/lib/gcc/x86_64-linux-gnu/4.8/../../../x86_64-linux-gnu/:/usr/lib/gcc/x86_64-linux-gnu/4.8/../../../../lib/:/lib/x86_64-linux-gnu/:/lib/../lib/:/usr/lib/x86_64-linux-gnu/:/usr/lib/../lib/:/usr/lib/gcc/x86_64-linux-gnu/4.8/../../../:/lib/:/usr/lib/
COLLECT_GCC_OPTIONS='-v' '-o' 'cmTryCompileExec3111683514' '-rdynamic' '-mtune=generic' '-march=x86-64'
 /usr/lib/gcc/x86_64-linux-gnu/4.8/collect2 --sysroot=/ --build-id --eh-frame-hdr -m elf_x86_64 --hash-style=gnu --as-needed -export-dynamic -dynamic-linker /lib64/ld-linux-x86-64.so.2 -z relro -o cmTryCompileExec3111683514 /usr/lib/gcc/x86_64-linux-gnu/4.8/../../../x86_64-linux-gnu/crt1.o /usr/lib/gcc/x86_64-linux-gnu/4.8/../../../x86_64-linux-gnu/crti.o /usr/lib/gcc/x86_64-linux-gnu/4.8/crtbegin.o -L/usr/lib/gcc/x86_64-linux-gnu/4.8 -L/usr/lib/gcc/x86_64-linux-gnu/4.8/../../../x86_64-linux-gnu -L/usr/lib/gcc/x86_64-linux-gnu/4.8/../../../../lib -L/lib/x86_64-linux-gnu -L/lib/../lib -L/usr/lib/x86_64-linux-gnu -L/usr/lib/../lib -L/usr/lib/gcc/x86_64-linux-gnu/4.8/../../.. CMakeFiles/cmTryCompileExec3111683514.dir/CMakeCCompilerABI.c.o -lgcc --as-needed -lgcc_s --no-as-needed -lc -lgcc --as-needed -lgcc_s --no-as-needed /usr/lib/gcc/x86_64-linux-gnu/4.8/crtend.o /usr/lib/gcc/x86_64-linux-gnu/4.8/../../../x86_64-linux-gnu/crtn.o
make[2]: Leaving directory `/home/jr/github/RoboOps-Senior-Design/Source/RoboOps_ControllerCode/manual_keyboard_control/build/CMakeFiles/CMakeTmp'
make[1]: Leaving directory `/home/jr/github/RoboOps-Senior-Design/Source/RoboOps_ControllerCode/manual_keyboard_control/build/CMakeFiles/CMakeTmp'


Parsed C implicit link information from above output:
  link line regex: [^( *|.*[/\])(ld|([^/\]+-)?ld|collect2)[^/\]*( |$)]
  ignore line: [Change Dir: /home/jr/github/RoboOps-Senior-Design/Source/RoboOps_ControllerCode/manual_keyboard_control/build/CMakeFiles/CMakeTmp]
  ignore line: []
  ignore line: [Run Build Command:/usr/bin/make "cmTryCompileExec3111683514/fast"]
  ignore line: [make[1]: Entering directory `/home/jr/github/RoboOps-Senior-Design/Source/RoboOps_ControllerCode/manual_keyboard_control/build/CMakeFiles/CMakeTmp']
  ignore line: [/usr/bin/make -f CMakeFiles/cmTryCompileExec3111683514.dir/build.make CMakeFiles/cmTryCompileExec3111683514.dir/build]
  ignore line: [make[2]: Entering directory `/home/jr/github/RoboOps-Senior-Design/Source/RoboOps_ControllerCode/manual_keyboard_control/build/CMakeFiles/CMakeTmp']
  ignore line: [/usr/bin/cmake -E cmake_progress_report /home/jr/github/RoboOps-Senior-Design/Source/RoboOps_ControllerCode/manual_keyboard_control/build/CMakeFiles/CMakeTmp/CMakeFiles 1]
  ignore line: [Building C object CMakeFiles/cmTryCompileExec3111683514.dir/CMakeCCompilerABI.c.o]
  ignore line: [/usr/bin/cc    -o CMakeFiles/cmTryCompileExec3111683514.dir/CMakeCCompilerABI.c.o   -c /usr/share/cmake-2.8/Modules/CMakeCCompilerABI.c]
  ignore line: [Linking C executable cmTryCompileExec3111683514]
  ignore line: [/usr/bin/cmake -E cmake_link_script CMakeFiles/cmTryCompileExec3111683514.dir/link.txt --verbose=1]
  ignore line: [/usr/bin/cc     -v CMakeFiles/cmTryCompileExec3111683514.dir/CMakeCCompilerABI.c.o  -o cmTryCompileExec3111683514 -rdynamic  ]
  ignore line: [Using built-in specs.]
  ignore line: [COLLECT_GCC=/usr/bin/cc]
  ignore line: [COLLECT_LTO_WRAPPER=/usr/lib/gcc/x86_64-linux-gnu/4.8/lto-wrapper]
  ignore line: [Target: x86_64-linux-gnu]
  ignore line: [Configured with: ../src/configure -v --with-pkgversion='Ubuntu 4.8.4-2ubuntu1~14.04.1' --with-bugurl=file:///usr/share/doc/gcc-4.8/README.Bugs --enable-languages=c,c++,java,go,d,fortran,objc,obj-c++ --prefix=/usr --program-suffix=-4.8 --enable-shared --enable-linker-build-id --libexecdir=/usr/lib --without-included-gettext --enable-threads=posix --with-gxx-include-dir=/usr/include/c++/4.8 --libdir=/usr/lib --enable-nls --with-sysroot=/ --enable-clocale=gnu --enable-libstdcxx-debug --enable-libstdcxx-time=yes --enable-gnu-unique-object --disable-libmudflap --enable-plugin --with-system-zlib --disable-browser-plugin --enable-java-awt=gtk --enable-gtk-cairo --with-java-home=/usr/lib/jvm/java-1.5.0-gcj-4.8-amd64/jre --enable-java-home --with-jvm-root-dir=/usr/lib/jvm/java-1.5.0-gcj-4.8-amd64 --with-jvm-jar-dir=/usr/lib/jvm-exports/java-1.5.0-gcj-4.8-amd64 --with-arch-directory=amd64 --with-ecj-jar=/usr/share/java/eclipse-ecj.jar --enable-objc-gc --enable-multiarch --disable-werror --with-arch-32=i686 --with-abi=m64 --with-multilib-list=m32,m64,mx32 --with-tune=generic --enable-checking=release --build=x86_64-linux-gnu --host=x86_64-linux-gnu --target=x86_64-linux-gnu]
  ignore line: [Thread model: posix]
  ignore line: [gcc version 4.8.4 (Ubuntu 4.8.4-2ubuntu1~14.04.1) ]
  ignore line: [COMPILER_PATH=/usr/lib/gcc/x86_64-linux-gnu/4.8/:/usr/lib/gcc/x86_64-linux-gnu/4.8/:/usr/lib/gcc/x86_64-linux-gnu/:/usr/lib/gcc/x86_64-linux-gnu/4.8/:/usr/lib/gcc/x86_64-linux-gnu/]
  ignore line: [LIBRARY_PATH=/usr/lib/gcc/x86_64-linux-gnu/4.8/:/usr/lib/gcc/x86_64-linux-gnu/4.8/../../../x86_64-linux-gnu/:/usr/lib/gcc/x86_64-linux-gnu/4.8/../../../../lib/:/lib/x86_64-linux-gnu/:/lib/../lib/:/usr/lib/x86_64-linux-gnu/:/usr/lib/../lib/:/usr/lib/gcc/x86_64-linux-gnu/4.8/../../../:/lib/:/usr/lib/]
  ignore line: [COLLECT_GCC_OPTIONS='-v' '-o' 'cmTryCompileExec3111683514' '-rdynamic' '-mtune=generic' '-march=x86-64']
  link line: [ /usr/lib/gcc/x86_64-linux-gnu/4.8/collect2 --sysroot=/ --build-id --eh-frame-hdr -m elf_x86_64 --hash-style=gnu --as-needed -export-dynamic -dynamic-linker /lib64/ld-linux-x86-64.so.2 -z relro -o cmTryCompileExec3111683514 /usr/lib/gcc/x86_64-linux-gnu/4.8/../../../x86_64-linux-gnu/crt1.o /usr/lib/gcc/x86_64-linux-gnu/4.8/../../../x86_64-linux-gnu/crti.o /usr/lib/gcc/x86_64-linux-gnu/4.8/crtbegin.o -L/usr/lib/gcc/x86_64-linux-gnu/4.8 -L/usr/lib/gcc/x86_64-linux-gnu/4.8/../../../x86_64-linux-gnu -L/usr/lib/gcc/x86_64-linux-gnu/4.8/../../../../lib -L/lib/x86_64-linux-gnu -L/lib/../lib -L/usr/lib/x86_64-linux-gnu -L/usr/lib/../lib -L/usr/lib/gcc/x86_64-linux-gnu/4.8/../../.. CMakeFiles/cmTryCompileExec3111683514.dir/CMakeCCompilerABI.c.o -lgcc --as-needed -lgcc_s --no-as-needed -lc -lgcc --as-needed -lgcc_s --no-as-needed /usr/lib/gcc/x86_64-linux-gnu/4.8/crtend.o /usr/lib/gcc/x86_64-linux-gnu/4.8/../../../x86_64-linux-gnu/crtn.o]
    arg [/usr/lib/gcc/x86_64-linux-gnu/4.8/collect2] ==> ignore
    arg [--sysroot=/] ==> ignore
    arg [--build-id] ==> ignore
    arg [--eh-frame-hdr] ==> ignore
    arg [-m] ==> ignore
    arg [elf_x86_64] ==> ignore
    arg [--hash-style=gnu] ==> ignore
    arg [--as-needed] ==> ignore
    arg [-export-dynamic] ==> ignore
    arg [-dynamic-linker] ==> ignore
    arg [/lib64/ld-linux-x86-64.so.2] ==> ignore
    arg [-zrelro] ==> ignore
    arg [-o] ==> ignore
    arg [cmTryCompileExec3111683514] ==> ignore
    arg [/usr/lib/gcc/x86_64-linux-gnu/4.8/../../../x86_64-linux-gnu/crt1.o] ==> ignore
    arg [/usr/lib/gcc/x86_64-linux-gnu/4.8/../../../x86_64-linux-gnu/crti.o] ==> ignore
    arg [/usr/lib/gcc/x86_64-linux-gnu/4.8/crtbegin.o] ==> ignore
    arg [-L/usr/lib/gcc/x86_64-linux-gnu/4.8] ==> dir [/usr/lib/gcc/x86_64-linux-gnu/4.8]
    arg [-L/usr/lib/gcc/x86_64-linux-gnu/4.8/../../../x86_64-linux-gnu] ==> dir [/usr/lib/gcc/x86_64-linux-gnu/4.8/../../../x86_64-linux-gnu]
    arg [-L/usr/lib/gcc/x86_64-linux-gnu/4.8/../../../../lib] ==> dir [/usr/lib/gcc/x86_64-linux-gnu/4.8/../../../../lib]
    arg [-L/lib/x86_64-linux-gnu] ==> dir [/lib/x86_64-linux-gnu]
    arg [-L/lib/../lib] ==> dir [/lib/../lib]
    arg [-L/usr/lib/x86_64-linux-gnu] ==> dir [/usr/lib/x86_64-linux-gnu]
    arg [-L/usr/lib/../lib] ==> dir [/usr/lib/../lib]
    arg [-L/usr/lib/gcc/x86_64-linux-gnu/4.8/../../..] ==> dir [/usr/lib/gcc/x86_64-linux-gnu/4.8/../../..]
    arg [CMakeFiles/cmTryCompileExec3111683514.dir/CMakeCCompilerABI.c.o] ==> ignore
    arg [-lgcc] ==> lib [gcc]
    arg [--as-needed] ==> ignore
    arg [-lgcc_s] ==> lib [gcc_s]
    arg [--no-as-needed] ==> ignore
    arg [-lc] ==> lib [c]
    arg [-lgcc] ==> lib [gcc]
    arg [--as-needed] ==> ignore
    arg [-lgcc_s] ==> lib [gcc_s]
    arg [--no-as-needed] ==> ignore
    arg [/usr/lib/gcc/x86_64-linux-gnu/4.8/crtend.o] ==> ignore
    arg [/usr/lib/gcc/x86_64-linux-gnu/4.8/../../../x86_64-linux-gnu/crtn.o] ==> ignore
  remove lib [gcc]
  remove lib [gcc_s]
  remove lib [gcc]
  remove lib [gcc_s]
  collapse library dir [/usr/lib/gcc/x86_64-linux-gnu/4.8] ==> [/usr/lib/gcc/x86_64-linux-gnu/4.8]
  collapse library dir [/usr/lib/gcc/x86_64-linux-gnu/4.8/../../../x86_64-linux-gnu] ==> [/usr/lib/x86_64-linux-gnu]
  collapse library dir [/usr/lib/gcc/x86_64-linux-gnu/4.8/../../../../lib] ==> [/usr/lib]
  collapse library dir [/lib/x86_64-linux-gnu] ==> [/lib/x86_64-linux-gnu]
  collapse library dir [/lib/../lib] ==> [/lib]
  collapse library dir [/usr/lib/x86_64-linux-gnu] ==> [/usr/lib/x86_64-linux-gnu]
  collapse library dir [/usr/lib/../lib] ==> [/usr/lib]
  collapse library dir [/usr/lib/gcc/x86_64-linux-gnu/4.8/../../..] ==> [/usr/lib]
  implicit libs: [c]
  implicit dirs: [/usr/lib/gcc/x86_64-linux-gnu/4.8;/usr/lib/x86_64-linux-gnu;/usr/lib;/lib/x86_64-linux-gnu;/lib]
  implicit fwks: []


Determining if the CXX compiler works passed with the following output:
Change Dir: /home/jr/github/RoboOps-Senior-Design/Source/RoboOps_ControllerCode/manual_keyboard_control/build/CMakeFiles/CMakeTmp

Run Build Command:/usr/bin/make "cmTryCompileExec1491526692/fast"
make[1]: Entering directory `/home/jr/github/RoboOps-Senior-Design/Source/RoboOps_ControllerCode/manual_keyboard_control/build/CMakeFiles/CMakeTmp'
/usr/bin/make -f CMakeFiles/cmTryCompileExec1491526692.dir/build.make CMakeFiles/cmTryCompileExec1491526692.dir/build
make[2]: Entering directory `/home/jr/github/RoboOps-Senior-Design/Source/RoboOps_ControllerCode/manual_keyboard_control/build/CMakeFiles/CMakeTmp'
/usr/bin/cmake -E cmake_progress_report /home/jr/github/RoboOps-Senior-Design/Source/RoboOps_ControllerCode/manual_keyboard_control/build/CMakeFiles/CMakeTmp/CMakeFiles 1
Building CXX object CMakeFiles/cmTryCompileExec1491526692.dir/testCXXCompiler.cxx.o
/usr/bin/c++     -o CMakeFiles/cmTryCompileExec1491526692.dir/testCXXCompiler.cxx.o -c /home/jr/github/RoboOps-Senior-Design/Source/RoboOps_ControllerCode/manual_keyboard_control/build/CMakeFiles/CMakeTmp/testCXXCompiler.cxx
Linking CXX executable cmTryCompileExec1491526692
/usr/bin/cmake -E cmake_link_script CMakeFiles/cmTryCompileExec1491526692.dir/link.txt --verbose=1
/usr/bin/c++        CMakeFiles/cmTryCompileExec1491526692.dir/testCXXCompiler.cxx.o  -o cmTryCompileExec1491526692 -rdynamic 
make[2]: Leaving directory `/home/jr/github/RoboOps-Senior-Design/Source/RoboOps_ControllerCode/manual_keyboard_control/build/CMakeFiles/CMakeTmp'
make[1]: Leaving directory `/home/jr/github/RoboOps-Senior-Design/Source/RoboOps_ControllerCode/manual_keyboard_control/build/CMakeFiles/CMakeTmp'


Detecting CXX compiler ABI info compiled with the following output:
Change Dir: /home/jr/github/RoboOps-Senior-Design/Source/RoboOps_ControllerCode/manual_keyboard_control/build/CMakeFiles/CMakeTmp

Run Build Command:/usr/bin/make "cmTryCompileExec3116727816/fast"
make[1]: Entering directory `/home/jr/github/RoboOps-Senior-Design/Source/RoboOps_ControllerCode/manual_keyboard_control/build/CMakeFiles/CMakeTmp'
/usr/bin/make -f CMakeFiles/cmTryCompileExec3116727816.dir/build.make CMakeFiles/cmTryCompileExec3116727816.dir/build
make[2]: Entering directory `/home/jr/github/RoboOps-Senior-Design/Source/RoboOps_ControllerCode/manual_keyboard_control/build/CMakeFiles/CMakeTmp'
/usr/bin/cmake -E cmake_progress_report /home/jr/github/RoboOps-Senior-Design/Source/RoboOps_ControllerCode/manual_keyboard_control/build/CMakeFiles/CMakeTmp/CMakeFiles 1
Building CXX object CMakeFiles/cmTryCompileExec3116727816.dir/CMakeCXXCompilerABI.cpp.o
/usr/bin/c++     -o CMakeFiles/cmTryCompileExec3116727816.dir/CMakeCXXCompilerABI.cpp.o -c /usr/share/cmake-2.8/Modules/CMakeCXXCompilerABI.cpp
Linking CXX executable cmTryCompileExec3116727816
/usr/bin/cmake -E cmake_link_script CMakeFiles/cmTryCompileExec3116727816.dir/link.txt --verbose=1
/usr/bin/c++      -v CMakeFiles/cmTryCompileExec3116727816.dir/CMakeCXXCompilerABI.cpp.o  -o cmTryCompileExec3116727816 -rdynamic  
Using built-in specs.
COLLECT_GCC=/usr/bin/c++
COLLECT_LTO_WRAPPER=/usr/lib/gcc/x86_64-linux-gnu/4.8/lto-wrapper
Target: x86_64-linux-gnu
Configured with: ../src/configure -v --with-pkgversion='Ubuntu 4.8.4-2ubuntu1~14.04.1' --with-bugurl=file:///usr/share/doc/gcc-4.8/README.Bugs --enable-languages=c,c++,java,go,d,fortran,objc,obj-c++ --prefix=/usr --program-suffix=-4.8 --enable-shared --enable-linker-build-id --libexecdir=/usr/lib --without-included-gettext --enable-threads=posix --with-gxx-include-dir=/usr/include/c++/4.8 --libdir=/usr/lib --enable-nls --with-sysroot=/ --enable-clocale=gnu --enable-libstdcxx-debug --enable-libstdcxx-time=yes --enable-gnu-unique-object --disable-libmudflap --enable-plugin --with-system-zlib --disable-browser-plugin --enable-java-awt=gtk --enable-gtk-cairo --with-java-home=/usr/lib/jvm/java-1.5.0-gcj-4.8-amd64/jre --enable-java-home --with-jvm-root-dir=/usr/lib/jvm/java-1.5.0-gcj-4.8-amd64 --with-jvm-jar-dir=/usr/lib/jvm-exports/java-1.5.0-gcj-4.8-amd64 --with-arch-directory=amd64 --with-ecj-jar=/usr/share/java/eclipse-ecj.jar --enable-objc-gc --enable-multiarch --disable-werror --with-arch-32=i686 --with-abi=m64 --with-multilib-list=m32,m64,mx32 --with-tune=generic --enable-checking=release --build=x86_64-linux-gnu --host=x86_64-linux-gnu --target=x86_64-linux-gnu
Thread model: posix
gcc version 4.8.4 (Ubuntu 4.8.4-2ubuntu1~14.04.1) 
COMPILER_PATH=/usr/lib/gcc/x86_64-linux-gnu/4.8/:/usr/lib/gcc/x86_64-linux-gnu/4.8/:/usr/lib/gcc/x86_64-linux-gnu/:/usr/lib/gcc/x86_64-linux-gnu/4.8/:/usr/lib/gcc/x86_64-linux-gnu/
LIBRARY_PATH=/usr/lib/gcc/x86_64-linux-gnu/4.8/:/usr/lib/gcc/x86_64-linux-gnu/4.8/../../../x86_64-linux-gnu/:/usr/lib/gcc/x86_64-linux-gnu/4.8/../../../../lib/:/lib/x86_64-linux-gnu/:/lib/../lib/:/usr/lib/x86_64-linux-gnu/:/usr/lib/../lib/:/usr/lib/gcc/x86_64-linux-gnu/4.8/../../../:/lib/:/usr/lib/
COLLECT_GCC_OPTIONS='-v' '-o' 'cmTryCompileExec3116727816' '-rdynamic' '-shared-libgcc' '-mtune=generic' '-march=x86-64'
 /usr/lib/gcc/x86_64-linux-gnu/4.8/collect2 --sysroot=/ --build-id --eh-frame-hdr -m elf_x86_64 --hash-style=gnu --as-needed -export-dynamic -dynamic-linker /lib64/ld-linux-x86-64.so.2 -z relro -o cmTryCompileExec3116727816 /usr/lib/gcc/x86_64-linux-gnu/4.8/../../../x86_64-linux-gnu/crt1.o /usr/lib/gcc/x86_64-linux-gnu/4.8/../../../x86_64-linux-gnu/crti.o /usr/lib/gcc/x86_64-linux-gnu/4.8/crtbegin.o -L/usr/lib/gcc/x86_64-linux-gnu/4.8 -L/usr/lib/gcc/x86_64-linux-gnu/4.8/../../../x86_64-linux-gnu -L/usr/lib/gcc/x86_64-linux-gnu/4.8/../../../../lib -L/lib/x86_64-linux-gnu -L/lib/../lib -L/usr/lib/x86_64-linux-gnu -L/usr/lib/../lib -L/usr/lib/gcc/x86_64-linux-gnu/4.8/../../.. CMakeFiles/cmTryCompileExec3116727816.dir/CMakeCXXCompilerABI.cpp.o -lstdc++ -lm -lgcc_s -lgcc -lc -lgcc_s -lgcc /usr/lib/gcc/x86_64-linux-gnu/4.8/crtend.o /usr/lib/gcc/x86_64-linux-gnu/4.8/../../../x86_64-linux-gnu/crtn.o
make[2]: Leaving directory `/home/jr/github/RoboOps-Senior-Design/Source/RoboOps_ControllerCode/manual_keyboard_control/build/CMakeFiles/CMakeTmp'
make[1]: Leaving directory `/home/jr/github/RoboOps-Senior-Design/Source/RoboOps_ControllerCode/manual_keyboard_control/build/CMakeFiles/CMakeTmp'


Parsed CXX implicit link information from above output:
  link line regex: [^( *|.*[/\])(ld|([^/\]+-)?ld|collect2)[^/\]*( |$)]
  ignore line: [Change Dir: /home/jr/github/RoboOps-Senior-Design/Source/RoboOps_ControllerCode/manual_keyboard_control/build/CMakeFiles/CMakeTmp]
  ignore line: []
  ignore line: [Run Build Command:/usr/bin/make "cmTryCompileExec3116727816/fast"]
  ignore line: [make[1]: Entering directory `/home/jr/github/RoboOps-Senior-Design/Source/RoboOps_ControllerCode/manual_keyboard_control/build/CMakeFiles/CMakeTmp']
  ignore line: [/usr/bin/make -f CMakeFiles/cmTryCompileExec3116727816.dir/build.make CMakeFiles/cmTryCompileExec3116727816.dir/build]
  ignore line: [make[2]: Entering directory `/home/jr/github/RoboOps-Senior-Design/Source/RoboOps_ControllerCode/manual_keyboard_control/build/CMakeFiles/CMakeTmp']
  ignore line: [/usr/bin/cmake -E cmake_progress_report /home/jr/github/RoboOps-Senior-Design/Source/RoboOps_ControllerCode/manual_keyboard_control/build/CMakeFiles/CMakeTmp/CMakeFiles 1]
  ignore line: [Building CXX object CMakeFiles/cmTryCompileExec3116727816.dir/CMakeCXXCompilerABI.cpp.o]
  ignore line: [/usr/bin/c++     -o CMakeFiles/cmTryCompileExec3116727816.dir/CMakeCXXCompilerABI.cpp.o -c /usr/share/cmake-2.8/Modules/CMakeCXXCompilerABI.cpp]
  ignore line: [Linking CXX executable cmTryCompileExec3116727816]
  ignore line: [/usr/bin/cmake -E cmake_link_script CMakeFiles/cmTryCompileExec3116727816.dir/link.txt --verbose=1]
  ignore line: [/usr/bin/c++      -v CMakeFiles/cmTryCompileExec3116727816.dir/CMakeCXXCompilerABI.cpp.o  -o cmTryCompileExec3116727816 -rdynamic  ]
  ignore line: [Using built-in specs.]
  ignore line: [COLLECT_GCC=/usr/bin/c++]
  ignore line: [COLLECT_LTO_WRAPPER=/usr/lib/gcc/x86_64-linux-gnu/4.8/lto-wrapper]
  ignore line: [Target: x86_64-linux-gnu]
  ignore line: [Configured with: ../src/configure -v --with-pkgversion='Ubuntu 4.8.4-2ubuntu1~14.04.1' --with-bugurl=file:///usr/share/doc/gcc-4.8/README.Bugs --enable-languages=c,c++,java,go,d,fortran,objc,obj-c++ --prefix=/usr --program-suffix=-4.8 --enable-shared --enable-linker-build-id --libexecdir=/usr/lib --without-included-gettext --enable-threads=posix --with-gxx-include-dir=/usr/include/c++/4.8 --libdir=/usr/lib --enable-nls --with-sysroot=/ --enable-clocale=gnu --enable-libstdcxx-debug --enable-libstdcxx-time=yes --enable-gnu-unique-object --disable-libmudflap --enable-plugin --with-system-zlib --disable-browser-plugin --enable-java-awt=gtk --enable-gtk-cairo --with-java-home=/usr/lib/jvm/java-1.5.0-gcj-4.8-amd64/jre --enable-java-home --with-jvm-root-dir=/usr/lib/jvm/java-1.5.0-gcj-4.8-amd64 --with-jvm-jar-dir=/usr/lib/jvm-exports/java-1.5.0-gcj-4.8-amd64 --with-arch-directory=amd64 --with-ecj-jar=/usr/share/java/eclipse-ecj.jar --enable-objc-gc --enable-multiarch --disable-werror --with-arch-32=i686 --with-abi=m64 --with-multilib-list=m32,m64,mx32 --with-tune=generic --enable-checking=release --build=x86_64-linux-gnu --host=x86_64-linux-gnu --target=x86_64-linux-gnu]
  ignore line: [Thread model: posix]
  ignore line: [gcc version 4.8.4 (Ubuntu 4.8.4-2ubuntu1~14.04.1) ]
  ignore line: [COMPILER_PATH=/usr/lib/gcc/x86_64-linux-gnu/4.8/:/usr/lib/gcc/x86_64-linux-gnu/4.8/:/usr/lib/gcc/x86_64-linux-gnu/:/usr/lib/gcc/x86_64-linux-gnu/4.8/:/usr/lib/gcc/x86_64-linux-gnu/]
  ignore line: [LIBRARY_PATH=/usr/lib/gcc/x86_64-linux-gnu/4.8/:/usr/lib/gcc/x86_64-linux-gnu/4.8/../../../x86_64-linux-gnu/:/usr/lib/gcc/x86_64-linux-gnu/4.8/../../../../lib/:/lib/x86_64-linux-gnu/:/lib/../lib/:/usr/lib/x86_64-linux-gnu/:/usr/lib/../lib/:/usr/lib/gcc/x86_64-linux-gnu/4.8/../../../:/lib/:/usr/lib/]
  ignore line: [COLLECT_GCC_OPTIONS='-v' '-o' 'cmTryCompileExec3116727816' '-rdynamic' '-shared-libgcc' '-mtune=generic' '-march=x86-64']
  link line: [ /usr/lib/gcc/x86_64-linux-gnu/4.8/collect2 --sysroot=/ --build-id --eh-frame-hdr -m elf_x86_64 --hash-style=gnu --as-needed -export-dynamic -dynamic-linker /lib64/ld-linux-x86-64.so.2 -z relro -o cmTryCompileExec3116727816 /usr/lib/gcc/x86_64-linux-gnu/4.8/../../../x86_64-linux-gnu/crt1.o /usr/lib/gcc/x86_64-linux-gnu/4.8/../../../x86_64-linux-gnu/crti.o /usr/lib/gcc/x86_64-linux-gnu/4.8/crtbegin.o -L/usr/lib/gcc/x86_64-linux-gnu/4.8 -L/usr/lib/gcc/x86_64-linux-gnu/4.8/../../../x86_64-linux-gnu -L/usr/lib/gcc/x86_64-linux-gnu/4.8/../../../../lib -L/lib/x86_64-linux-gnu -L/lib/../lib -L/usr/lib/x86_64-linux-gnu -L/usr/lib/../lib -L/usr/lib/gcc/x86_64-linux-gnu/4.8/../../.. CMakeFiles/cmTryCompileExec3116727816.dir/CMakeCXXCompilerABI.cpp.o -lstdc++ -lm -lgcc_s -lgcc -lc -lgcc_s -lgcc /usr/lib/gcc/x86_64-linux-gnu/4.8/crtend.o /usr/lib/gcc/x86_64-linux-gnu/4.8/../../../x86_64-linux-gnu/crtn.o]
    arg [/usr/lib/gcc/x86_64-linux-gnu/4.8/collect2] ==> ignore
    arg [--sysroot=/] ==> ignore
    arg [--build-id] ==> ignore
    arg [--eh-frame-hdr] ==> ignore
    arg [-m] ==> ignore
    arg [elf_x86_64] ==> ignore
    arg [--hash-style=gnu] ==> ignore
    arg [--as-needed] ==> ignore
    arg [-export-dynamic] ==> ignore
    arg [-dynamic-linker] ==> ignore
    arg [/lib64/ld-linux-x86-64.so.2] ==> ignore
    arg [-zrelro] ==> ignore
    arg [-o] ==> ignore
    arg [cmTryCompileExec3116727816] ==> ignore
    arg [/usr/lib/gcc/x86_64-linux-gnu/4.8/../../../x86_64-linux-gnu/crt1.o] ==> ignore
    arg [/usr/lib/gcc/x86_64-linux-gnu/4.8/../../../x86_64-linux-gnu/crti.o] ==> ignore
    arg [/usr/lib/gcc/x86_64-linux-gnu/4.8/crtbegin.o] ==> ignore
    arg [-L/usr/lib/gcc/x86_64-linux-gnu/4.8] ==> dir [/usr/lib/gcc/x86_64-linux-gnu/4.8]
    arg [-L/usr/lib/gcc/x86_64-linux-gnu/4.8/../../../x86_64-linux-gnu] ==> dir [/usr/lib/gcc/x86_64-linux-gnu/4.8/../../../x86_64-linux-gnu]
    arg [-L/usr/lib/gcc/x86_64-linux-gnu/4.8/../../../../lib] ==> dir [/usr/lib/gcc/x86_64-linux-gnu/4.8/../../../../lib]
    arg [-L/lib/x86_64-linux-gnu] ==> dir [/lib/x86_64-linux-gnu]
    arg [-L/lib/../lib] ==> dir [/lib/../lib]
    arg [-L/usr/lib/x86_64-linux-gnu] ==> dir [/usr/lib/x86_64-linux-gnu]
    arg [-L/usr/lib/../lib] ==> dir [/usr/lib/../lib]
    arg [-L/usr/lib/gcc/x86_64-linux-gnu/4.8/../../..] ==> dir [/usr/lib/gcc/x86_64-linux-gnu/4.8/../../..]
    arg [CMakeFiles/cmTryCompileExec3116727816.dir/CMakeCXXCompilerABI.cpp.o] ==> ignore
    arg [-lstdc++] ==> lib [stdc++]
    arg [-lm] ==> lib [m]
    arg [-lgcc_s] ==> lib [gcc_s]
    arg [-lgcc] ==> lib [gcc]
    arg [-lc] ==> lib [c]
    arg [-lgcc_s] ==> lib [gcc_s]
    arg [-lgcc] ==> lib [gcc]
    arg [/usr/lib/gcc/x86_64-linux-gnu/4.8/crtend.o] ==> ignore
    arg [/usr/lib/gcc/x86_64-linux-gnu/4.8/../../../x86_64-linux-gnu/crtn.o] ==> ignore
  remove lib [gcc_s]
  remove lib [gcc]
  remove lib [gcc_s]
  remove lib [gcc]
  collapse library dir [/usr/lib/gcc/x86_64-linux-gnu/4.8] ==> [/usr/lib/gcc/x86_64-linux-gnu/4.8]
  collapse library dir [/usr/lib/gcc/x86_64-linux-gnu/4.8/../../../x86_64-linux-gnu] ==> [/usr/lib/x86_64-linux-gnu]
  collapse library dir [/usr/lib/gcc/x86_64-linux-gnu/4.8/../../../../lib] ==> [/usr/lib]
  collapse library dir [/lib/x86_64-linux-gnu] ==> [/lib/x86_64-linux-gnu]
  collapse library dir [/lib/../lib] ==> [/lib]
  collapse library dir [/usr/lib/x86_64-linux-gnu] ==> [/usr/lib/x86_64-linux-gnu]
  collapse library dir [/usr/lib/../lib] ==> [/usr/lib]
  collapse library dir [/usr/lib/gcc/x86_64-linux-gnu/4.8/../../..] ==> [/usr/lib]
  implicit libs: [stdc++;m;c]
  implicit dirs: [/usr/lib/gcc/x86_64-linux-gnu/4.8;/usr/lib/x86_64-linux-gnu;/usr/lib;/lib/x86_64-linux-gnu;/lib]
  implicit fwks: []


Determining if files pthread.h exist passed with the following output:
Change Dir: /home/jr/github/RoboOps-Senior-Design/Source/RoboOps_ControllerCode/manual_keyboard_control/build/CMakeFiles/CMakeTmp

Run Build Command:/usr/bin/make "cmTryCompileExec125377000/fast"
make[1]: Entering directory `/home/jr/github/RoboOps-Senior-Design/Source/RoboOps_ControllerCode/manual_keyboard_control/build/CMakeFiles/CMakeTmp'
/usr/bin/make -f CMakeFiles/cmTryCompileExec125377000.dir/build.make CMakeFiles/cmTryCompileExec125377000.dir/build
make[2]: Entering directory `/home/jr/github/RoboOps-Senior-Design/Source/RoboOps_ControllerCode/manual_keyboard_control/build/CMakeFiles/CMakeTmp'
/usr/bin/cmake -E cmake_progress_report /home/jr/github/RoboOps-Senior-Design/Source/RoboOps_ControllerCode/manual_keyboard_control/build/CMakeFiles/CMakeTmp/CMakeFiles 1
Building C object CMakeFiles/cmTryCompileExec125377000.dir/CheckIncludeFiles.c.o
/usr/bin/cc    -o CMakeFiles/cmTryCompileExec125377000.dir/CheckIncludeFiles.c.o   -c /home/jr/github/RoboOps-Senior-Design/Source/RoboOps_ControllerCode/manual_keyboard_control/build/CMakeFiles/CMakeTmp/CheckIncludeFiles.c
Linking C executable cmTryCompileExec125377000
/usr/bin/cmake -E cmake_link_script CMakeFiles/cmTryCompileExec125377000.dir/link.txt --verbose=1
/usr/bin/cc       CMakeFiles/cmTryCompileExec125377000.dir/CheckIncludeFiles.c.o  -o cmTryCompileExec125377000 -rdynamic 
make[2]: Leaving directory `/home/jr/github/RoboOps-Senior-Design/Source/RoboOps_ControllerCode/manual_keyboard_control/build/CMakeFiles/CMakeTmp'
make[1]: Leaving directory `/home/jr/github/RoboOps-Senior-Design/Source/RoboOps_ControllerCode/manual_keyboard_control/build/CMakeFiles/CMakeTmp'


Determining if the function pthread_create exists in the pthread passed with the following output:
Change Dir: /home/jr/github/RoboOps-Senior-Design/Source/RoboOps_ControllerCode/manual_keyboard_control/build/CMakeFiles/CMakeTmp

Run Build Command:/usr/bin/make "cmTryCompileExec2399465928/fast"
make[1]: Entering directory `/home/jr/github/RoboOps-Senior-Design/Source/RoboOps_ControllerCode/manual_keyboard_control/build/CMakeFiles/CMakeTmp'
/usr/bin/make -f CMakeFiles/cmTryCompileExec2399465928.dir/build.make CMakeFiles/cmTryCompileExec2399465928.dir/build
make[2]: Entering directory `/home/jr/github/RoboOps-Senior-Design/Source/RoboOps_ControllerCode/manual_keyboard_control/build/CMakeFiles/CMakeTmp'
/usr/bin/cmake -E cmake_progress_report /home/jr/github/RoboOps-Senior-Design/Source/RoboOps_ControllerCode/manual_keyboard_control/build/CMakeFiles/CMakeTmp/CMakeFiles 1
Building C object CMakeFiles/cmTryCompileExec2399465928.dir/CheckFunctionExists.c.o
/usr/bin/cc   -DCHECK_FUNCTION_EXISTS=pthread_create   -o CMakeFiles/cmTryCompileExec2399465928.dir/CheckFunctionExists.c.o   -c /usr/share/cmake-2.8/Modules/CheckFunctionExists.c
Linking C executable cmTryCompileExec2399465928
/usr/bin/cmake -E cmake_link_script CMakeFiles/cmTryCompileExec2399465928.dir/link.txt --verbose=1
/usr/bin/cc   -DCHECK_FUNCTION_EXISTS=pthread_create    CMakeFiles/cmTryCompileExec2399465928.dir/CheckFunctionExists.c.o  -o cmTryCompileExec2399465928 -rdynamic -lpthread 
make[2]: Leaving directory `/home/jr/github/RoboOps-Senior-Design/Source/RoboOps_ControllerCode/manual_keyboard_control/build/CMakeFiles/CMakeTmp'
make[1]: Leaving directory `/home/jr/github/RoboOps-Senior-Design/Source/RoboOps_ControllerCode/manual_keyboard_control/build/CMakeFiles/CMakeTmp'


Determining if files pthread.h exist passed with the following output:
Change Dir: /home/roboops/Documents/RoboOps-Senior-Design/Source/RoboOps_ControllerCode/manual_keyboard_control/build/CMakeFiles/CMakeTmp

Run Build Command:/usr/bin/make "cmTryCompileExec1678661518/fast"
make[1]: Entering directory `/home/roboops/Documents/RoboOps-Senior-Design/Source/RoboOps_ControllerCode/manual_keyboard_control/build/CMakeFiles/CMakeTmp'
/usr/bin/make -f CMakeFiles/cmTryCompileExec1678661518.dir/build.make CMakeFiles/cmTryCompileExec1678661518.dir/build
make[2]: Entering directory `/home/roboops/Documents/RoboOps-Senior-Design/Source/RoboOps_ControllerCode/manual_keyboard_control/build/CMakeFiles/CMakeTmp'
/usr/bin/cmake -E cmake_progress_report /home/roboops/Documents/RoboOps-Senior-Design/Source/RoboOps_ControllerCode/manual_keyboard_control/build/CMakeFiles/CMakeTmp/CMakeFiles 1
Building C object CMakeFiles/cmTryCompileExec1678661518.dir/CheckIncludeFiles.c.o
/usr/bin/cc    -o CMakeFiles/cmTryCompileExec1678661518.dir/CheckIncludeFiles.c.o   -c /home/roboops/Documents/RoboOps-Senior-Design/Source/RoboOps_ControllerCode/manual_keyboard_control/build/CMakeFiles/CMakeTmp/CheckIncludeFiles.c
Linking C executable cmTryCompileExec1678661518
/usr/bin/cmake -E cmake_link_script CMakeFiles/cmTryCompileExec1678661518.dir/link.txt --verbose=1
/usr/bin/cc       CMakeFiles/cmTryCompileExec1678661518.dir/CheckIncludeFiles.c.o  -o cmTryCompileExec1678661518 -rdynamic 
make[2]: Leaving directory `/home/roboops/Documents/RoboOps-Senior-Design/Source/RoboOps_ControllerCode/manual_keyboard_control/build/CMakeFiles/CMakeTmp'
make[1]: Leaving directory `/home/roboops/Documents/RoboOps-Senior-Design/Source/RoboOps_ControllerCode/manual_keyboard_control/build/CMakeFiles/CMakeTmp'


Determining if the function pthread_create exists in the pthread passed with the following output:
Change Dir: /home/roboops/Documents/RoboOps-Senior-Design/Source/RoboOps_ControllerCode/manual_keyboard_control/build/CMakeFiles/CMakeTmp

Run Build Command:/usr/bin/make "cmTryCompileExec3931328192/fast"
make[1]: Entering directory `/home/roboops/Documents/RoboOps-Senior-Design/Source/RoboOps_ControllerCode/manual_keyboard_control/build/CMakeFiles/CMakeTmp'
/usr/bin/make -f CMakeFiles/cmTryCompileExec3931328192.dir/build.make CMakeFiles/cmTryCompileExec3931328192.dir/build
make[2]: Entering directory `/home/roboops/Documents/RoboOps-Senior-Design/Source/RoboOps_ControllerCode/manual_keyboard_control/build/CMakeFiles/CMakeTmp'
/usr/bin/cmake -E cmake_progress_report /home/roboops/Documents/RoboOps-Senior-Design/Source/RoboOps_ControllerCode/manual_keyboard_control/build/CMakeFiles/CMakeTmp/CMakeFiles 1
Building C object CMakeFiles/cmTryCompileExec3931328192.dir/CheckFunctionExists.c.o
/usr/bin/cc   -DCHECK_FUNCTION_EXISTS=pthread_create   -o CMakeFiles/cmTryCompileExec3931328192.dir/CheckFunctionExists.c.o   -c /usr/share/cmake-2.8/Modules/CheckFunctionExists.c
Linking C executable cmTryCompileExec3931328192
/usr/bin/cmake -E cmake_link_script CMakeFiles/cmTryCompileExec3931328192.dir/link.txt --verbose=1
/usr/bin/cc   -DCHECK_FUNCTION_EXISTS=pthread_create    CMakeFiles/cmTryCompileExec3931328192.dir/CheckFunctionExists.c.o  -o cmTryCompileExec3931328192 -rdynamic -lpthread 
make[2]: Leaving directory `/home/roboops/Documents/RoboOps-Senior-Design/Source/RoboOps_ControllerCode/manual_keyboard_control/build/CMakeFiles/CMakeTmp'
make[1]: Leaving directory `/home/roboops/Documents/RoboOps-Senior-Design/Source/RoboOps_ControllerCode/manual_keyboard_control/build/CMakeFiles/CMakeTmp'


Determining if files pthread.h exist passed with the following output:
Change Dir: /home/jr/github/RoboOps-Senior-Design/Source/RoboOps_ControllerCode/manual_keyboard_control/build/CMakeFiles/CMakeTmp

Run Build Command:/usr/bin/make "cmTryCompileExec818420268/fast"
make[1]: Entering directory `/home/jr/github/RoboOps-Senior-Design/Source/RoboOps_ControllerCode/manual_keyboard_control/build/CMakeFiles/CMakeTmp'
/usr/bin/make -f CMakeFiles/cmTryCompileExec818420268.dir/build.make CMakeFiles/cmTryCompileExec818420268.dir/build
make[2]: Entering directory `/home/jr/github/RoboOps-Senior-Design/Source/RoboOps_ControllerCode/manual_keyboard_control/build/CMakeFiles/CMakeTmp'
/usr/bin/cmake -E cmake_progress_report /home/jr/github/RoboOps-Senior-Design/Source/RoboOps_ControllerCode/manual_keyboard_control/build/CMakeFiles/CMakeTmp/CMakeFiles 1
Building C object CMakeFiles/cmTryCompileExec818420268.dir/CheckIncludeFiles.c.o
/usr/bin/cc    -o CMakeFiles/cmTryCompileExec818420268.dir/CheckIncludeFiles.c.o   -c /home/jr/github/RoboOps-Senior-Design/Source/RoboOps_ControllerCode/manual_keyboard_control/build/CMakeFiles/CMakeTmp/CheckIncludeFiles.c
Linking C executable cmTryCompileExec818420268
/usr/bin/cmake -E cmake_link_script CMakeFiles/cmTryCompileExec818420268.dir/link.txt --verbose=1
/usr/bin/cc       CMakeFiles/cmTryCompileExec818420268.dir/CheckIncludeFiles.c.o  -o cmTryCompileExec818420268 -rdynamic 
make[2]: Leaving directory `/home/jr/github/RoboOps-Senior-Design/Source/RoboOps_ControllerCode/manual_keyboard_control/build/CMakeFiles/CMakeTmp'
make[1]: Leaving directory `/home/jr/github/RoboOps-Senior-Design/Source/RoboOps_ControllerCode/manual_keyboard_control/build/CMakeFiles/CMakeTmp'


Determining if the function pthread_create exists in the pthread passed with the following output:
Change Dir: /home/jr/github/RoboOps-Senior-Design/Source/RoboOps_ControllerCode/manual_keyboard_control/build/CMakeFiles/CMakeTmp

Run Build Command:/usr/bin/make "cmTryCompileExec294587204/fast"
make[1]: Entering directory `/home/jr/github/RoboOps-Senior-Design/Source/RoboOps_ControllerCode/manual_keyboard_control/build/CMakeFiles/CMakeTmp'
/usr/bin/make -f CMakeFiles/cmTryCompileExec294587204.dir/build.make CMakeFiles/cmTryCompileExec294587204.dir/build
make[2]: Entering directory `/home/jr/github/RoboOps-Senior-Design/Source/RoboOps_ControllerCode/manual_keyboard_control/build/CMakeFiles/CMakeTmp'
/usr/bin/cmake -E cmake_progress_report /home/jr/github/RoboOps-Senior-Design/Source/RoboOps_ControllerCode/manual_keyboard_control/build/CMakeFiles/CMakeTmp/CMakeFiles 1
Building C object CMakeFiles/cmTryCompileExec294587204.dir/CheckFunctionExists.c.o
/usr/bin/cc   -DCHECK_FUNCTION_EXISTS=pthread_create   -o CMakeFiles/cmTryCompileExec294587204.dir/CheckFunctionExists.c.o   -c /usr/share/cmake-2.8/Modules/CheckFunctionExists.c
Linking C executable cmTryCompileExec294587204
/usr/bin/cmake -E cmake_link_script CMakeFiles/cmTryCompileExec294587204.dir/link.txt --verbose=1
/usr/bin/cc   -DCHECK_FUNCTION_EXISTS=pthread_create    CMakeFiles/cmTryCompileExec294587204.dir/CheckFunctionExists.c.o  -o cmTryCompileExec294587204 -rdynamic -lpthread 
make[2]: Leaving directory `/home/jr/github/RoboOps-Senior-Design/Source/RoboOps_ControllerCode/manual_keyboard_control/build/CMakeFiles/CMakeTmp'
make[1]: Leaving directory `/home/jr/github/RoboOps-Senior-Design/Source/RoboOps_ControllerCode/manual_keyboard_control/build/CMakeFiles/CMakeTmp'


Determining if files pthread.h exist passed with the following output:
Change Dir: /home/jr/github/RoboOps-Senior-Design/Source/RoboOps_ControllerCode/manual_keyboard_control/build/CMakeFiles/CMakeTmp

Run Build Command:/usr/bin/make "cmTryCompileExec804323735/fast"
make[1]: Entering directory `/home/jr/github/RoboOps-Senior-Design/Source/RoboOps_ControllerCode/manual_keyboard_control/build/CMakeFiles/CMakeTmp'
/usr/bin/make -f CMakeFiles/cmTryCompileExec804323735.dir/build.make CMakeFiles/cmTryCompileExec804323735.dir/build
make[2]: Entering directory `/home/jr/github/RoboOps-Senior-Design/Source/RoboOps_ControllerCode/manual_keyboard_control/build/CMakeFiles/CMakeTmp'
/usr/bin/cmake -E cmake_progress_report /home/jr/github/RoboOps-Senior-Design/Source/RoboOps_ControllerCode/manual_keyboard_control/build/CMakeFiles/CMakeTmp/CMakeFiles 1
Building C object CMakeFiles/cmTryCompileExec804323735.dir/CheckIncludeFiles.c.o
/usr/bin/cc    -o CMakeFiles/cmTryCompileExec804323735.dir/CheckIncludeFiles.c.o   -c /home/jr/github/RoboOps-Senior-Design/Source/RoboOps_ControllerCode/manual_keyboard_control/build/CMakeFiles/CMakeTmp/CheckIncludeFiles.c
Linking C executable cmTryCompileExec804323735
/usr/bin/cmake -E cmake_link_script CMakeFiles/cmTryCompileExec804323735.dir/link.txt --verbose=1
/usr/bin/cc       CMakeFiles/cmTryCompileExec804323735.dir/CheckIncludeFiles.c.o  -o cmTryCompileExec804323735 -rdynamic 
make[2]: Leaving directory `/home/jr/github/RoboOps-Senior-Design/Source/RoboOps_ControllerCode/manual_keyboard_control/build/CMakeFiles/CMakeTmp'
make[1]: Leaving directory `/home/jr/github/RoboOps-Senior-Design/Source/RoboOps_ControllerCode/manual_keyboard_control/build/CMakeFiles/CMakeTmp'


Determining if the function pthread_create exists in the pthread passed with the following output:
Change Dir: /home/jr/github/RoboOps-Senior-Design/Source/RoboOps_ControllerCode/manual_keyboard_control/build/CMakeFiles/CMakeTmp

Run Build Command:/usr/bin/make "cmTryCompileExec3192792061/fast"
make[1]: Entering directory `/home/jr/github/RoboOps-Senior-Design/Source/RoboOps_ControllerCode/manual_keyboard_control/build/CMakeFiles/CMakeTmp'
/usr/bin/make -f CMakeFiles/cmTryCompileExec3192792061.dir/build.make CMakeFiles/cmTryCompileExec3192792061.dir/build
make[2]: Entering directory `/home/jr/github/RoboOps-Senior-Design/Source/RoboOps_ControllerCode/manual_keyboard_control/build/CMakeFiles/CMakeTmp'
/usr/bin/cmake -E cmake_progress_report /home/jr/github/RoboOps-Senior-Design/Source/RoboOps_ControllerCode/manual_keyboard_control/build/CMakeFiles/CMakeTmp/CMakeFiles 1
Building C object CMakeFiles/cmTryCompileExec3192792061.dir/CheckFunctionExists.c.o
/usr/bin/cc   -DCHECK_FUNCTION_EXISTS=pthread_create   -o CMakeFiles/cmTryCompileExec3192792061.dir/CheckFunctionExists.c.o   -c /usr/share/cmake-2.8/Modules/CheckFunctionExists.c
Linking C executable cmTryCompileExec3192792061
/usr/bin/cmake -E cmake_link_script CMakeFiles/cmTryCompileExec3192792061.dir/link.txt --verbose=1
/usr/bin/cc   -DCHECK_FUNCTION_EXISTS=pthread_create    CMakeFiles/cmTryCompileExec3192792061.dir/CheckFunctionExists.c.o  -o cmTryCompileExec3192792061 -rdynamic -lpthread 
make[2]: Leaving directory `/home/jr/github/RoboOps-Senior-Design/Source/RoboOps_ControllerCode/manual_keyboard_control/build/CMakeFiles/CMakeTmp'
make[1]: Leaving directory `/home/jr/github/RoboOps-Senior-Design/Source/RoboOps_ControllerCode/manual_keyboard_control/build/CMakeFiles/CMakeTmp'


Determining if files pthread.h exist passed with the following output:
Change Dir: /home/jr/github/RoboOps-Senior-Design/Source/RoboOps_ControllerCode/manual_keyboard_control/build/CMakeFiles/CMakeTmp

Run Build Command:/usr/bin/make "cmTryCompileExec3306895751/fast"
make[1]: Entering directory `/home/jr/github/RoboOps-Senior-Design/Source/RoboOps_ControllerCode/manual_keyboard_control/build/CMakeFiles/CMakeTmp'
/usr/bin/make -f CMakeFiles/cmTryCompileExec3306895751.dir/build.make CMakeFiles/cmTryCompileExec3306895751.dir/build
make[2]: Entering directory `/home/jr/github/RoboOps-Senior-Design/Source/RoboOps_ControllerCode/manual_keyboard_control/build/CMakeFiles/CMakeTmp'
/usr/bin/cmake -E cmake_progress_report /home/jr/github/RoboOps-Senior-Design/Source/RoboOps_ControllerCode/manual_keyboard_control/build/CMakeFiles/CMakeTmp/CMakeFiles 1
Building C object CMakeFiles/cmTryCompileExec3306895751.dir/CheckIncludeFiles.c.o
/usr/bin/cc    -o CMakeFiles/cmTryCompileExec3306895751.dir/CheckIncludeFiles.c.o   -c /home/jr/github/RoboOps-Senior-Design/Source/RoboOps_ControllerCode/manual_keyboard_control/build/CMakeFiles/CMakeTmp/CheckIncludeFiles.c
Linking C executable cmTryCompileExec3306895751
/usr/bin/cmake -E cmake_link_script CMakeFiles/cmTryCompileExec3306895751.dir/link.txt --verbose=1
/usr/bin/cc       CMakeFiles/cmTryCompileExec3306895751.dir/CheckIncludeFiles.c.o  -o cmTryCompileExec3306895751 -rdynamic 
make[2]: Leaving directory `/home/jr/github/RoboOps-Senior-Design/Source/RoboOps_ControllerCode/manual_keyboard_control/build/CMakeFiles/CMakeTmp'
make[1]: Leaving directory `/home/jr/github/RoboOps-Senior-Design/Source/RoboOps_ControllerCode/manual_keyboard_control/build/CMakeFiles/CMakeTmp'


Determining if the function pthread_create exists in the pthread passed with the following output:
Change Dir: /home/jr/github/RoboOps-Senior-Design/Source/RoboOps_ControllerCode/manual_keyboard_control/build/CMakeFiles/CMakeTmp

Run Build Command:/usr/bin/make "cmTryCompileExec2775346719/fast"
make[1]: Entering directory `/home/jr/github/RoboOps-Senior-Design/Source/RoboOps_ControllerCode/manual_keyboard_control/build/CMakeFiles/CMakeTmp'
/usr/bin/make -f CMakeFiles/cmTryCompileExec2775346719.dir/build.make CMakeFiles/cmTryCompileExec2775346719.dir/build
make[2]: Entering directory `/home/jr/github/RoboOps-Senior-Design/Source/RoboOps_ControllerCode/manual_keyboard_control/build/CMakeFiles/CMakeTmp'
/usr/bin/cmake -E cmake_progress_report /home/jr/github/RoboOps-Senior-Design/Source/RoboOps_ControllerCode/manual_keyboard_control/build/CMakeFiles/CMakeTmp/CMakeFiles 1
Building C object CMakeFiles/cmTryCompileExec2775346719.dir/CheckFunctionExists.c.o
/usr/bin/cc   -DCHECK_FUNCTION_EXISTS=pthread_create   -o CMakeFiles/cmTryCompileExec2775346719.dir/CheckFunctionExists.c.o   -c /usr/share/cmake-2.8/Modules/CheckFunctionExists.c
Linking C executable cmTryCompileExec2775346719
/usr/bin/cmake -E cmake_link_script CMakeFiles/cmTryCompileExec2775346719.dir/link.txt --verbose=1
/usr/bin/cc   -DCHECK_FUNCTION_EXISTS=pthread_create    CMakeFiles/cmTryCompileExec2775346719.dir/CheckFunctionExists.c.o  -o cmTryCompileExec2775346719 -rdynamic -lpthread 
make[2]: Leaving directory `/home/jr/github/RoboOps-Senior-Design/Source/RoboOps_ControllerCode/manual_keyboard_control/build/CMakeFiles/CMakeTmp'
make[1]: Leaving directory `/home/jr/github/RoboOps-Senior-Design/Source/RoboOps_ControllerCode/manual_keyboard_control/build/CMakeFiles/CMakeTmp'


