Determining if the pthread_create exist failed with the following output:
Change Dir: /home/jr/github/RoboOps-Senior-Design/Source/RoboOps/ross_servo_publisher/build/CMakeFiles/CMakeTmp

Run Build Command:/usr/bin/make "cmTryCompileExec3613639408/fast"
make[1]: Entering directory `/home/jr/github/RoboOps-Senior-Design/Source/RoboOps/ross_servo_publisher/build/CMakeFiles/CMakeTmp'
/usr/bin/make -f CMakeFiles/cmTryCompileExec3613639408.dir/build.make CMakeFiles/cmTryCompileExec3613639408.dir/build
make[2]: Entering directory `/home/jr/github/RoboOps-Senior-Design/Source/RoboOps/ross_servo_publisher/build/CMakeFiles/CMakeTmp'
/usr/bin/cmake -E cmake_progress_report /home/jr/github/RoboOps-Senior-Design/Source/RoboOps/ross_servo_publisher/build/CMakeFiles/CMakeTmp/CMakeFiles 1
Building C object CMakeFiles/cmTryCompileExec3613639408.dir/CheckSymbolExists.c.o
/usr/bin/cc    -o CMakeFiles/cmTryCompileExec3613639408.dir/CheckSymbolExists.c.o   -c /home/jr/github/RoboOps-Senior-Design/Source/RoboOps/ross_servo_publisher/build/CMakeFiles/CMakeTmp/CheckSymbolExists.c
Linking C executable cmTryCompileExec3613639408
/usr/bin/cmake -E cmake_link_script CMakeFiles/cmTryCompileExec3613639408.dir/link.txt --verbose=1
/usr/bin/cc       CMakeFiles/cmTryCompileExec3613639408.dir/CheckSymbolExists.c.o  -o cmTryCompileExec3613639408 -rdynamic 
CMakeFiles/cmTryCompileExec3613639408.dir/CheckSymbolExists.c.o: In function `main':
CheckSymbolExists.c:(.text+0x16): undefined reference to `pthread_create'
collect2: error: ld returned 1 exit status
make[2]: Leaving directory `/home/jr/github/RoboOps-Senior-Design/Source/RoboOps/ross_servo_publisher/build/CMakeFiles/CMakeTmp'
make[2]: *** [cmTryCompileExec3613639408] Error 1
make[1]: Leaving directory `/home/jr/github/RoboOps-Senior-Design/Source/RoboOps/ross_servo_publisher/build/CMakeFiles/CMakeTmp'
make[1]: *** [cmTryCompileExec3613639408/fast] Error 2

File /home/jr/github/RoboOps-Senior-Design/Source/RoboOps/ross_servo_publisher/build/CMakeFiles/CMakeTmp/CheckSymbolExists.c:
/* */
#include <pthread.h>

int main(int argc, char** argv)
{
  (void)argv;
#ifndef pthread_create
  return ((int*)(&pthread_create))[argc];
#else
  (void)argc;
  return 0;
#endif
}

Determining if the function pthread_create exists in the pthreads failed with the following output:
Change Dir: /home/jr/github/RoboOps-Senior-Design/Source/RoboOps/ross_servo_publisher/build/CMakeFiles/CMakeTmp

Run Build Command:/usr/bin/make "cmTryCompileExec2966568490/fast"
make[1]: Entering directory `/home/jr/github/RoboOps-Senior-Design/Source/RoboOps/ross_servo_publisher/build/CMakeFiles/CMakeTmp'
/usr/bin/make -f CMakeFiles/cmTryCompileExec2966568490.dir/build.make CMakeFiles/cmTryCompileExec2966568490.dir/build
make[2]: Entering directory `/home/jr/github/RoboOps-Senior-Design/Source/RoboOps/ross_servo_publisher/build/CMakeFiles/CMakeTmp'
/usr/bin/cmake -E cmake_progress_report /home/jr/github/RoboOps-Senior-Design/Source/RoboOps/ross_servo_publisher/build/CMakeFiles/CMakeTmp/CMakeFiles 1
Building C object CMakeFiles/cmTryCompileExec2966568490.dir/CheckFunctionExists.c.o
/usr/bin/cc   -DCHECK_FUNCTION_EXISTS=pthread_create   -o CMakeFiles/cmTryCompileExec2966568490.dir/CheckFunctionExists.c.o   -c /usr/share/cmake-2.8/Modules/CheckFunctionExists.c
Linking C executable cmTryCompileExec2966568490
/usr/bin/cmake -E cmake_link_script CMakeFiles/cmTryCompileExec2966568490.dir/link.txt --verbose=1
/usr/bin/cc   -DCHECK_FUNCTION_EXISTS=pthread_create    CMakeFiles/cmTryCompileExec2966568490.dir/CheckFunctionExists.c.o  -o cmTryCompileExec2966568490 -rdynamic -lpthreads 
/usr/bin/ld: cannot find -lpthreads
collect2: error: ld returned 1 exit status
make[2]: Leaving directory `/home/jr/github/RoboOps-Senior-Design/Source/RoboOps/ross_servo_publisher/build/CMakeFiles/CMakeTmp'
make[2]: *** [cmTryCompileExec2966568490] Error 1
make[1]: Leaving directory `/home/jr/github/RoboOps-Senior-Design/Source/RoboOps/ross_servo_publisher/build/CMakeFiles/CMakeTmp'
make[1]: *** [cmTryCompileExec2966568490/fast] Error 2


