Determining if the pthread_create exist failed with the following output:
Change Dir: /home/jr/github/RoboOps-Senior-Design/Source/ros_keyboard/ros-keyboard-master/build/CMakeFiles/CMakeTmp

Run Build Command:/usr/bin/make "cmTryCompileExec4258175655/fast"
make[1]: Entering directory `/home/jr/github/RoboOps-Senior-Design/Source/ros_keyboard/ros-keyboard-master/build/CMakeFiles/CMakeTmp'
/usr/bin/make -f CMakeFiles/cmTryCompileExec4258175655.dir/build.make CMakeFiles/cmTryCompileExec4258175655.dir/build
make[2]: Entering directory `/home/jr/github/RoboOps-Senior-Design/Source/ros_keyboard/ros-keyboard-master/build/CMakeFiles/CMakeTmp'
/usr/bin/cmake -E cmake_progress_report /home/jr/github/RoboOps-Senior-Design/Source/ros_keyboard/ros-keyboard-master/build/CMakeFiles/CMakeTmp/CMakeFiles 1
Building C object CMakeFiles/cmTryCompileExec4258175655.dir/CheckSymbolExists.c.o
/usr/bin/cc    -o CMakeFiles/cmTryCompileExec4258175655.dir/CheckSymbolExists.c.o   -c /home/jr/github/RoboOps-Senior-Design/Source/ros_keyboard/ros-keyboard-master/build/CMakeFiles/CMakeTmp/CheckSymbolExists.c
Linking C executable cmTryCompileExec4258175655
/usr/bin/cmake -E cmake_link_script CMakeFiles/cmTryCompileExec4258175655.dir/link.txt --verbose=1
/usr/bin/cc       CMakeFiles/cmTryCompileExec4258175655.dir/CheckSymbolExists.c.o  -o cmTryCompileExec4258175655 -rdynamic 
CMakeFiles/cmTryCompileExec4258175655.dir/CheckSymbolExists.c.o: In function `main':
CheckSymbolExists.c:(.text+0x16): undefined reference to `pthread_create'
collect2: error: ld returned 1 exit status
make[2]: *** [cmTryCompileExec4258175655] Error 1
make[2]: Leaving directory `/home/jr/github/RoboOps-Senior-Design/Source/ros_keyboard/ros-keyboard-master/build/CMakeFiles/CMakeTmp'
make[1]: Leaving directory `/home/jr/github/RoboOps-Senior-Design/Source/ros_keyboard/ros-keyboard-master/build/CMakeFiles/CMakeTmp'
make[1]: *** [cmTryCompileExec4258175655/fast] Error 2

File /home/jr/github/RoboOps-Senior-Design/Source/ros_keyboard/ros-keyboard-master/build/CMakeFiles/CMakeTmp/CheckSymbolExists.c:
/* */
#include <pthread.h>

int main(int argc, char** argv)
{
  (void)argv;
#ifndef pthread_create
  return ((int*)(&pthread_create))[argc];
#else
  (void)argc;
  return 0;
#endif
}

Determining if the function pthread_create exists in the pthreads failed with the following output:
Change Dir: /home/jr/github/RoboOps-Senior-Design/Source/ros_keyboard/ros-keyboard-master/build/CMakeFiles/CMakeTmp

Run Build Command:/usr/bin/make "cmTryCompileExec1294112706/fast"
make[1]: Entering directory `/home/jr/github/RoboOps-Senior-Design/Source/ros_keyboard/ros-keyboard-master/build/CMakeFiles/CMakeTmp'
/usr/bin/make -f CMakeFiles/cmTryCompileExec1294112706.dir/build.make CMakeFiles/cmTryCompileExec1294112706.dir/build
make[2]: Entering directory `/home/jr/github/RoboOps-Senior-Design/Source/ros_keyboard/ros-keyboard-master/build/CMakeFiles/CMakeTmp'
/usr/bin/cmake -E cmake_progress_report /home/jr/github/RoboOps-Senior-Design/Source/ros_keyboard/ros-keyboard-master/build/CMakeFiles/CMakeTmp/CMakeFiles 1
Building C object CMakeFiles/cmTryCompileExec1294112706.dir/CheckFunctionExists.c.o
/usr/bin/cc   -DCHECK_FUNCTION_EXISTS=pthread_create   -o CMakeFiles/cmTryCompileExec1294112706.dir/CheckFunctionExists.c.o   -c /usr/share/cmake-2.8/Modules/CheckFunctionExists.c
Linking C executable cmTryCompileExec1294112706
/usr/bin/cmake -E cmake_link_script CMakeFiles/cmTryCompileExec1294112706.dir/link.txt --verbose=1
/usr/bin/cc   -DCHECK_FUNCTION_EXISTS=pthread_create    CMakeFiles/cmTryCompileExec1294112706.dir/CheckFunctionExists.c.o  -o cmTryCompileExec1294112706 -rdynamic -lpthreads 
/usr/bin/ld: cannot find -lpthreads
collect2: error: ld returned 1 exit status
make[2]: *** [cmTryCompileExec1294112706] Error 1
make[2]: Leaving directory `/home/jr/github/RoboOps-Senior-Design/Source/ros_keyboard/ros-keyboard-master/build/CMakeFiles/CMakeTmp'
make[1]: *** [cmTryCompileExec1294112706/fast] Error 2
make[1]: Leaving directory `/home/jr/github/RoboOps-Senior-Design/Source/ros_keyboard/ros-keyboard-master/build/CMakeFiles/CMakeTmp'


