This file contains any messages produced by compilers while
running configure, to aid debugging if configure makes a mistake.

It was created by motion configure 3.2.12, which was
generated by GNU Autoconf 2.69.  Invocation command line was

  $ ./configure --with-ffmpeg=/path_where_you_installed_ffmpeg

## --------- ##
## Platform. ##
## --------- ##

hostname = Ruiqis-Macbok-Pro.local
uname -m = x86_64
uname -r = 15.0.0
uname -s = Darwin
uname -v = Darwin Kernel Version 15.0.0: Wed Aug 26 16:57:32 PDT 2015; root:xnu-3247.1.106~1/RELEASE_X86_64

/usr/bin/uname -p = i386
/bin/uname -X     = unknown

/bin/arch              = unknown
/usr/bin/arch -k       = unknown
/usr/convex/getsysinfo = unknown
/usr/bin/hostinfo      = Mach kernel version:
	 Darwin Kernel Version 15.0.0: Wed Aug 26 16:57:32 PDT 2015; root:xnu-3247.1.106~1/RELEASE_X86_64
Kernel configured for up to 4 processors.
2 processors are physically available.
4 processors are logically available.
Processor type: i486 (Intel 80486)
Processors active: 0 1 2 3
Primary memory available: 4.00 gigabytes
Default processor set: 254 tasks, 1108 threads, 4 processors
Load average: 1.95, Mach factor: 2.04
/bin/machine           = unknown
/usr/bin/oslevel       = unknown
/bin/universe          = unknown

PATH: /usr/local/autoconf/bin
PATH: /usr/local/autoconf/bin
PATH: /opt/local/bin
PATH: /opt/local/sbin
PATH: /opt/local/bin
PATH: /opt/local/sbin
PATH: /usr/local/bin
PATH: /usr/bin
PATH: /bin
PATH: /usr/sbin
PATH: /sbin
PATH: /Users/richard/unison-2.48.3


## ----------- ##
## Core tests. ##
## ----------- ##

configure:2422: checking for Darwin
configure:2472: result: yes
configure:2528: checking for gcc
configure:2544: found /usr/bin/gcc
configure:2555: result: gcc
configure:2784: checking for C compiler version
configure:2793: gcc --version >&5
Apple LLVM version 7.0.0 (clang-700.1.76)
Target: x86_64-apple-darwin15.0.0
Thread model: posix
Configured with: --prefix=/Library/Developer/CommandLineTools/usr --with-gxx-include-dir=/usr/include/c++/4.2.1
configure:2804: $? = 0
configure:2793: gcc -v >&5
Configured with: --prefix=/Library/Developer/CommandLineTools/usr --with-gxx-include-dir=/usr/include/c++/4.2.1
Apple LLVM version 7.0.0 (clang-700.1.76)
Target: x86_64-apple-darwin15.0.0
Thread model: posix
configure:2804: $? = 0
configure:2793: gcc -V >&5
clang: error: argument to '-V' is missing (expected 1 value)
clang: error: no input files
configure:2804: $? = 1
configure:2793: gcc -qversion >&5
clang: error: unknown argument: '-qversion'
clang: error: no input files
configure:2804: $? = 1
configure:2824: checking whether the C compiler works
configure:2846: gcc    conftest.c  >&5
configure:2850: $? = 0
configure:2898: result: yes
configure:2901: checking for C compiler default output file name
configure:2903: result: a.out
configure:2909: checking for suffix of executables
configure:2916: gcc -o conftest    conftest.c  >&5
configure:2920: $? = 0
configure:2942: result: 
configure:2964: checking whether we are cross compiling
configure:2972: gcc -o conftest    conftest.c  >&5
configure:2976: $? = 0
configure:2983: ./conftest
configure:2987: $? = 0
configure:3002: result: no
configure:3007: checking for suffix of object files
configure:3029: gcc -c   conftest.c >&5
configure:3033: $? = 0
configure:3054: result: o
configure:3058: checking whether we are using the GNU C compiler
configure:3077: gcc -c   conftest.c >&5
configure:3077: $? = 0
configure:3086: result: yes
configure:3095: checking whether gcc accepts -g
configure:3115: gcc -c -g  conftest.c >&5
configure:3115: $? = 0
configure:3156: result: yes
configure:3173: checking for gcc option to accept ISO C89
configure:3236: gcc  -c -g -O2  conftest.c >&5
configure:3236: $? = 0
configure:3249: result: none needed
configure:3379: checking threads
configure:3395: gcc -o conftest -g -O2   conftest.c  >&5
configure:3395: $? = 0
configure:3412: result: 
configure:3441: checking for libjpeg-mmx
configure:3443: result: skipping
configure:3536: checking for libjpeg
configure:3540: checking for jpeg_set_defaults in -ljpeg
configure:3565: gcc -o conftest -g -O2   -L/sw/lib  conftest.c -ljpeg   >&5
ld: warning: directory not found for option '-L/sw/lib'
ld: library not found for -ljpeg
clang: error: linker command failed with exit code 1 (use -v to see invocation)
configure:3565: $? = 1
configure: failed program was:
| /* confdefs.h */
| #define PACKAGE_NAME "motion"
| #define PACKAGE_TARNAME "motion"
| #define PACKAGE_VERSION "3.2.12"
| #define PACKAGE_STRING "motion 3.2.12"
| #define PACKAGE_BUGREPORT ""
| #define PACKAGE_URL ""
| /* end confdefs.h.  */
| 
| /* Override any GCC internal prototype to avoid an error.
|    Use char because int might match the return type of a GCC
|    builtin and then its argument prototype would still apply.  */
| #ifdef __cplusplus
| extern "C"
| #endif
| char jpeg_set_defaults ();
| int
| main ()
| {
| return jpeg_set_defaults ();
|   ;
|   return 0;
| }
configure:3574: result: no
configure:3655: checking for ffmpeg in -> /path_where_you_installed_ffmpeg <-
configure:3668: result: not found
configure:3785: checking for mysql support
configure:3821: result: testing
configure:3826: checking autodect mysql headers
configure:3862: result: not found
configure:4020: checking for PostgreSQL
configure:4027: result: testing
configure:4033: checking autodect pgsql headers
configure:4059: result: not found
configure:4185: checking how to run the C preprocessor
configure:4216: gcc -E  conftest.c
configure:4216: $? = 0
configure:4230: gcc -E  conftest.c
conftest.c:9:10: fatal error: 'ac_nonexistent.h' file not found
#include <ac_nonexistent.h>
         ^
1 error generated.
configure:4230: $? = 1
configure: failed program was:
| /* confdefs.h */
| #define PACKAGE_NAME "motion"
| #define PACKAGE_TARNAME "motion"
| #define PACKAGE_VERSION "3.2.12"
| #define PACKAGE_STRING "motion 3.2.12"
| #define PACKAGE_BUGREPORT ""
| #define PACKAGE_URL ""
| /* end confdefs.h.  */
| #include <ac_nonexistent.h>
configure:4255: result: gcc -E
configure:4275: gcc -E  conftest.c
configure:4275: $? = 0
configure:4289: gcc -E  conftest.c
conftest.c:9:10: fatal error: 'ac_nonexistent.h' file not found
#include <ac_nonexistent.h>
         ^
1 error generated.
configure:4289: $? = 1
configure: failed program was:
| /* confdefs.h */
| #define PACKAGE_NAME "motion"
| #define PACKAGE_TARNAME "motion"
| #define PACKAGE_VERSION "3.2.12"
| #define PACKAGE_STRING "motion 3.2.12"
| #define PACKAGE_BUGREPORT ""
| #define PACKAGE_URL ""
| /* end confdefs.h.  */
| #include <ac_nonexistent.h>
configure:4318: checking for grep that handles long lines and -e
configure:4376: result: /usr/bin/grep
configure:4381: checking for egrep
configure:4443: result: /usr/bin/grep -E
configure:4448: checking for ANSI C header files
configure:4468: gcc -c -g -O2  conftest.c >&5
configure:4468: $? = 0
configure:4541: gcc -o conftest -g -O2   -L/sw/lib  conftest.c  >&5
ld: warning: directory not found for option '-L/sw/lib'
configure:4541: $? = 0
configure:4541: ./conftest
configure:4541: $? = 0
configure:4552: result: yes
configure:4565: checking for sys/types.h
configure:4565: gcc -c -g -O2  conftest.c >&5
configure:4565: $? = 0
configure:4565: result: yes
configure:4565: checking for sys/stat.h
configure:4565: gcc -c -g -O2  conftest.c >&5
configure:4565: $? = 0
configure:4565: result: yes
configure:4565: checking for stdlib.h
configure:4565: gcc -c -g -O2  conftest.c >&5
configure:4565: $? = 0
configure:4565: result: yes
configure:4565: checking for string.h
configure:4565: gcc -c -g -O2  conftest.c >&5
configure:4565: $? = 0
configure:4565: result: yes
configure:4565: checking for memory.h
configure:4565: gcc -c -g -O2  conftest.c >&5
configure:4565: $? = 0
configure:4565: result: yes
configure:4565: checking for strings.h
configure:4565: gcc -c -g -O2  conftest.c >&5
configure:4565: $? = 0
configure:4565: result: yes
configure:4565: checking for inttypes.h
configure:4565: gcc -c -g -O2  conftest.c >&5
configure:4565: $? = 0
configure:4565: result: yes
configure:4565: checking for stdint.h
configure:4565: gcc -c -g -O2  conftest.c >&5
configure:4565: $? = 0
configure:4565: result: yes
configure:4565: checking for unistd.h
configure:4565: gcc -c -g -O2  conftest.c >&5
configure:4565: $? = 0
configure:4565: result: yes
configure:4580: checking stdio.h usability
configure:4580: gcc -c -g -O2  conftest.c >&5
configure:4580: $? = 0
configure:4580: result: yes
configure:4580: checking stdio.h presence
configure:4580: gcc -E  conftest.c
configure:4580: $? = 0
configure:4580: result: yes
configure:4580: checking for stdio.h
configure:4580: result: yes
configure:4580: checking for unistd.h
configure:4580: result: yes
configure:4580: checking for stdint.h
configure:4580: result: yes
configure:4580: checking fcntl.h usability
configure:4580: gcc -c -g -O2  conftest.c >&5
configure:4580: $? = 0
configure:4580: result: yes
configure:4580: checking fcntl.h presence
configure:4580: gcc -E  conftest.c
configure:4580: $? = 0
configure:4580: result: yes
configure:4580: checking for fcntl.h
configure:4580: result: yes
configure:4580: checking time.h usability
configure:4580: gcc -c -g -O2  conftest.c >&5
configure:4580: $? = 0
configure:4580: result: yes
configure:4580: checking time.h presence
configure:4580: gcc -E  conftest.c
configure:4580: $? = 0
configure:4580: result: yes
configure:4580: checking for time.h
configure:4580: result: yes
configure:4580: checking signal.h usability
configure:4580: gcc -c -g -O2  conftest.c >&5
configure:4580: $? = 0
configure:4580: result: yes
configure:4580: checking signal.h presence
configure:4580: gcc -E  conftest.c
configure:4580: $? = 0
configure:4580: result: yes
configure:4580: checking for signal.h
configure:4580: result: yes
configure:4580: checking sys/ioctl.h usability
configure:4580: gcc -c -g -O2  conftest.c >&5
configure:4580: $? = 0
configure:4580: result: yes
configure:4580: checking sys/ioctl.h presence
configure:4580: gcc -E  conftest.c
configure:4580: $? = 0
configure:4580: result: yes
configure:4580: checking for sys/ioctl.h
configure:4580: result: yes
configure:4580: checking sys/mman.h usability
configure:4580: gcc -c -g -O2  conftest.c >&5
configure:4580: $? = 0
configure:4580: result: yes
configure:4580: checking sys/mman.h presence
configure:4580: gcc -E  conftest.c
configure:4580: $? = 0
configure:4580: result: yes
configure:4580: checking for sys/mman.h
configure:4580: result: yes
configure:4580: checking linux/videodev.h usability
configure:4580: gcc -c -g -O2  conftest.c >&5
conftest.c:60:10: fatal error: 'linux/videodev.h' file not found
#include <linux/videodev.h>
         ^
1 error generated.
configure:4580: $? = 1
configure: failed program was:
| /* confdefs.h */
| #define PACKAGE_NAME "motion"
| #define PACKAGE_TARNAME "motion"
| #define PACKAGE_VERSION "3.2.12"
| #define PACKAGE_STRING "motion 3.2.12"
| #define PACKAGE_BUGREPORT ""
| #define PACKAGE_URL ""
| #define STDC_HEADERS 1
| #define HAVE_SYS_TYPES_H 1
| #define HAVE_SYS_STAT_H 1
| #define HAVE_STDLIB_H 1
| #define HAVE_STRING_H 1
| #define HAVE_MEMORY_H 1
| #define HAVE_STRINGS_H 1
| #define HAVE_INTTYPES_H 1
| #define HAVE_STDINT_H 1
| #define HAVE_UNISTD_H 1
| #define HAVE_STDIO_H 1
| #define HAVE_UNISTD_H 1
| #define HAVE_STDINT_H 1
| #define HAVE_FCNTL_H 1
| #define HAVE_TIME_H 1
| #define HAVE_SIGNAL_H 1
| #define HAVE_SYS_IOCTL_H 1
| #define HAVE_SYS_MMAN_H 1
| /* end confdefs.h.  */
| #include <stdio.h>
| #ifdef HAVE_SYS_TYPES_H
| # include <sys/types.h>
| #endif
| #ifdef HAVE_SYS_STAT_H
| # include <sys/stat.h>
| #endif
| #ifdef STDC_HEADERS
| # include <stdlib.h>
| # include <stddef.h>
| #else
| # ifdef HAVE_STDLIB_H
| #  include <stdlib.h>
| # endif
| #endif
| #ifdef HAVE_STRING_H
| # if !defined STDC_HEADERS && defined HAVE_MEMORY_H
| #  include <memory.h>
| # endif
| # include <string.h>
| #endif
| #ifdef HAVE_STRINGS_H
| # include <strings.h>
| #endif
| #ifdef HAVE_INTTYPES_H
| # include <inttypes.h>
| #endif
| #ifdef HAVE_STDINT_H
| # include <stdint.h>
| #endif
| #ifdef HAVE_UNISTD_H
| # include <unistd.h>
| #endif
| #include <linux/videodev.h>
configure:4580: result: no
configure:4580: checking linux/videodev.h presence
configure:4580: gcc -E  conftest.c
conftest.c:27:10: fatal error: 'linux/videodev.h' file not found
#include <linux/videodev.h>
         ^
1 error generated.
configure:4580: $? = 1
configure: failed program was:
| /* confdefs.h */
| #define PACKAGE_NAME "motion"
| #define PACKAGE_TARNAME "motion"
| #define PACKAGE_VERSION "3.2.12"
| #define PACKAGE_STRING "motion 3.2.12"
| #define PACKAGE_BUGREPORT ""
| #define PACKAGE_URL ""
| #define STDC_HEADERS 1
| #define HAVE_SYS_TYPES_H 1
| #define HAVE_SYS_STAT_H 1
| #define HAVE_STDLIB_H 1
| #define HAVE_STRING_H 1
| #define HAVE_MEMORY_H 1
| #define HAVE_STRINGS_H 1
| #define HAVE_INTTYPES_H 1
| #define HAVE_STDINT_H 1
| #define HAVE_UNISTD_H 1
| #define HAVE_STDIO_H 1
| #define HAVE_UNISTD_H 1
| #define HAVE_STDINT_H 1
| #define HAVE_FCNTL_H 1
| #define HAVE_TIME_H 1
| #define HAVE_SIGNAL_H 1
| #define HAVE_SYS_IOCTL_H 1
| #define HAVE_SYS_MMAN_H 1
| /* end confdefs.h.  */
| #include <linux/videodev.h>
configure:4580: result: no
configure:4580: checking for linux/videodev.h
configure:4580: result: no
configure:4580: checking linux/videodev2.h usability
configure:4580: gcc -c -g -O2  conftest.c >&5
conftest.c:60:10: fatal error: 'linux/videodev2.h' file not found
#include <linux/videodev2.h>
         ^
1 error generated.
configure:4580: $? = 1
configure: failed program was:
| /* confdefs.h */
| #define PACKAGE_NAME "motion"
| #define PACKAGE_TARNAME "motion"
| #define PACKAGE_VERSION "3.2.12"
| #define PACKAGE_STRING "motion 3.2.12"
| #define PACKAGE_BUGREPORT ""
| #define PACKAGE_URL ""
| #define STDC_HEADERS 1
| #define HAVE_SYS_TYPES_H 1
| #define HAVE_SYS_STAT_H 1
| #define HAVE_STDLIB_H 1
| #define HAVE_STRING_H 1
| #define HAVE_MEMORY_H 1
| #define HAVE_STRINGS_H 1
| #define HAVE_INTTYPES_H 1
| #define HAVE_STDINT_H 1
| #define HAVE_UNISTD_H 1
| #define HAVE_STDIO_H 1
| #define HAVE_UNISTD_H 1
| #define HAVE_STDINT_H 1
| #define HAVE_FCNTL_H 1
| #define HAVE_TIME_H 1
| #define HAVE_SIGNAL_H 1
| #define HAVE_SYS_IOCTL_H 1
| #define HAVE_SYS_MMAN_H 1
| /* end confdefs.h.  */
| #include <stdio.h>
| #ifdef HAVE_SYS_TYPES_H
| # include <sys/types.h>
| #endif
| #ifdef HAVE_SYS_STAT_H
| # include <sys/stat.h>
| #endif
| #ifdef STDC_HEADERS
| # include <stdlib.h>
| # include <stddef.h>
| #else
| # ifdef HAVE_STDLIB_H
| #  include <stdlib.h>
| # endif
| #endif
| #ifdef HAVE_STRING_H
| # if !defined STDC_HEADERS && defined HAVE_MEMORY_H
| #  include <memory.h>
| # endif
| # include <string.h>
| #endif
| #ifdef HAVE_STRINGS_H
| # include <strings.h>
| #endif
| #ifdef HAVE_INTTYPES_H
| # include <inttypes.h>
| #endif
| #ifdef HAVE_STDINT_H
| # include <stdint.h>
| #endif
| #ifdef HAVE_UNISTD_H
| # include <unistd.h>
| #endif
| #include <linux/videodev2.h>
configure:4580: result: no
configure:4580: checking linux/videodev2.h presence
configure:4580: gcc -E  conftest.c
conftest.c:27:10: fatal error: 'linux/videodev2.h' file not found
#include <linux/videodev2.h>
         ^
1 error generated.
configure:4580: $? = 1
configure: failed program was:
| /* confdefs.h */
| #define PACKAGE_NAME "motion"
| #define PACKAGE_TARNAME "motion"
| #define PACKAGE_VERSION "3.2.12"
| #define PACKAGE_STRING "motion 3.2.12"
| #define PACKAGE_BUGREPORT ""
| #define PACKAGE_URL ""
| #define STDC_HEADERS 1
| #define HAVE_SYS_TYPES_H 1
| #define HAVE_SYS_STAT_H 1
| #define HAVE_STDLIB_H 1
| #define HAVE_STRING_H 1
| #define HAVE_MEMORY_H 1
| #define HAVE_STRINGS_H 1
| #define HAVE_INTTYPES_H 1
| #define HAVE_STDINT_H 1
| #define HAVE_UNISTD_H 1
| #define HAVE_STDIO_H 1
| #define HAVE_UNISTD_H 1
| #define HAVE_STDINT_H 1
| #define HAVE_FCNTL_H 1
| #define HAVE_TIME_H 1
| #define HAVE_SIGNAL_H 1
| #define HAVE_SYS_IOCTL_H 1
| #define HAVE_SYS_MMAN_H 1
| /* end confdefs.h.  */
| #include <linux/videodev2.h>
configure:4580: result: no
configure:4580: checking for linux/videodev2.h
configure:4580: result: no
configure:4580: checking sys/param.h usability
configure:4580: gcc -c -g -O2  conftest.c >&5
configure:4580: $? = 0
configure:4580: result: yes
configure:4580: checking sys/param.h presence
configure:4580: gcc -E  conftest.c
configure:4580: $? = 0
configure:4580: result: yes
configure:4580: checking for sys/param.h
configure:4580: result: yes
configure:4580: checking for sys/types.h
configure:4580: result: yes
configure:4593: checking for get_current_dir_name
configure:4593: gcc -o conftest -g -O2   -L/sw/lib  conftest.c  >&5
ld: warning: directory not found for option '-L/sw/lib'
Undefined symbols for architecture x86_64:
  "_get_current_dir_name", referenced from:
      _main in conftest-3db349.o
ld: symbol(s) not found for architecture x86_64
clang: error: linker command failed with exit code 1 (use -v to see invocation)
configure:4593: $? = 1
configure: failed program was:
| /* confdefs.h */
| #define PACKAGE_NAME "motion"
| #define PACKAGE_TARNAME "motion"
| #define PACKAGE_VERSION "3.2.12"
| #define PACKAGE_STRING "motion 3.2.12"
| #define PACKAGE_BUGREPORT ""
| #define PACKAGE_URL ""
| #define STDC_HEADERS 1
| #define HAVE_SYS_TYPES_H 1
| #define HAVE_SYS_STAT_H 1
| #define HAVE_STDLIB_H 1
| #define HAVE_STRING_H 1
| #define HAVE_MEMORY_H 1
| #define HAVE_STRINGS_H 1
| #define HAVE_INTTYPES_H 1
| #define HAVE_STDINT_H 1
| #define HAVE_UNISTD_H 1
| #define HAVE_STDIO_H 1
| #define HAVE_UNISTD_H 1
| #define HAVE_STDINT_H 1
| #define HAVE_FCNTL_H 1
| #define HAVE_TIME_H 1
| #define HAVE_SIGNAL_H 1
| #define HAVE_SYS_IOCTL_H 1
| #define HAVE_SYS_MMAN_H 1
| #define HAVE_SYS_PARAM_H 1
| #define HAVE_SYS_TYPES_H 1
| /* end confdefs.h.  */
| /* Define get_current_dir_name to an innocuous variant, in case <limits.h> declares get_current_dir_name.
|    For example, HP-UX 11i <limits.h> declares gettimeofday.  */
| #define get_current_dir_name innocuous_get_current_dir_name
| 
| /* System header to define __stub macros and hopefully few prototypes,
|     which can conflict with char get_current_dir_name (); below.
|     Prefer <limits.h> to <assert.h> if __STDC__ is defined, since
|     <limits.h> exists even on freestanding compilers.  */
| 
| #ifdef __STDC__
| # include <limits.h>
| #else
| # include <assert.h>
| #endif
| 
| #undef get_current_dir_name
| 
| /* Override any GCC internal prototype to avoid an error.
|    Use char because int might match the return type of a GCC
|    builtin and then its argument prototype would still apply.  */
| #ifdef __cplusplus
| extern "C"
| #endif
| char get_current_dir_name ();
| /* The GNU C library defines this for functions which it implements
|     to always fail with ENOSYS.  Some functions are actually named
|     something starting with __ and the normal name is an alias.  */
| #if defined __stub_get_current_dir_name || defined __stub___get_current_dir_name
| choke me
| #endif
| 
| int
| main ()
| {
| return get_current_dir_name ();
|   ;
|   return 0;
| }
configure:4593: result: no
configure:4614: checking for struct v4l2_buffer
configure:4614: gcc -c -g -O2  conftest.c >&5
conftest.c:30:13: fatal error: 'linux/videodev.h' file not found
                        #include <linux/videodev.h>
                                 ^
1 error generated.
configure:4614: $? = 1
configure: failed program was:
| /* confdefs.h */
| #define PACKAGE_NAME "motion"
| #define PACKAGE_TARNAME "motion"
| #define PACKAGE_VERSION "3.2.12"
| #define PACKAGE_STRING "motion 3.2.12"
| #define PACKAGE_BUGREPORT ""
| #define PACKAGE_URL ""
| #define STDC_HEADERS 1
| #define HAVE_SYS_TYPES_H 1
| #define HAVE_SYS_STAT_H 1
| #define HAVE_STDLIB_H 1
| #define HAVE_STRING_H 1
| #define HAVE_MEMORY_H 1
| #define HAVE_STRINGS_H 1
| #define HAVE_INTTYPES_H 1
| #define HAVE_STDINT_H 1
| #define HAVE_UNISTD_H 1
| #define HAVE_STDIO_H 1
| #define HAVE_UNISTD_H 1
| #define HAVE_STDINT_H 1
| #define HAVE_FCNTL_H 1
| #define HAVE_TIME_H 1
| #define HAVE_SIGNAL_H 1
| #define HAVE_SYS_IOCTL_H 1
| #define HAVE_SYS_MMAN_H 1
| #define HAVE_SYS_PARAM_H 1
| #define HAVE_SYS_TYPES_H 1
| /* end confdefs.h.  */
| #include <sys/time.h>
| 			#include <linux/videodev.h>
| 
| int
| main ()
| {
| if (sizeof (struct v4l2_buffer))
| 	 return 0;
|   ;
|   return 0;
| }
configure:4614: result: no
configure:4624: checking for V42L support
configure:4631: result: no
configure:4637: checking for V42L *old* support
configure:4639: result: testing
configure:4643: checking for linux/videodev2.h
configure:4643: result: no
configure:4670: checking size of short
configure:4675: gcc -o conftest -g -O2   -L/sw/lib  conftest.c  >&5
ld: warning: directory not found for option '-L/sw/lib'
configure:4675: $? = 0
configure:4675: ./conftest
configure:4675: $? = 0
configure:4689: result: 2
configure:4703: checking size of int
configure:4708: gcc -o conftest -g -O2   -L/sw/lib  conftest.c  >&5
ld: warning: directory not found for option '-L/sw/lib'
configure:4708: $? = 0
configure:4708: ./conftest
configure:4708: $? = 0
configure:4722: result: 4
configure:4736: checking size of long int
configure:4741: gcc -o conftest -g -O2   -L/sw/lib  conftest.c  >&5
ld: warning: directory not found for option '-L/sw/lib'
configure:4741: $? = 0
configure:4741: ./conftest
configure:4741: $? = 0
configure:4755: result: 8
configure:4769: checking size of long long
configure:4774: gcc -o conftest -g -O2   -L/sw/lib  conftest.c  >&5
ld: warning: directory not found for option '-L/sw/lib'
configure:4774: $? = 0
configure:4774: ./conftest
configure:4774: $? = 0
configure:4788: result: 8
configure:4802: checking size of int *
configure:4807: gcc -o conftest -g -O2   -L/sw/lib  conftest.c  >&5
ld: warning: directory not found for option '-L/sw/lib'
configure:4807: $? = 0
configure:4807: ./conftest
configure:4807: $? = 0
configure:4821: result: 8
configure:4835: checking size of void *
configure:4840: gcc -o conftest -g -O2   -L/sw/lib  conftest.c  >&5
ld: warning: directory not found for option '-L/sw/lib'
configure:4840: $? = 0
configure:4840: ./conftest
configure:4840: $? = 0
configure:4854: result: 8
configure:4899: checking for an ANSI C-conforming const
configure:4965: gcc -c -g -O2  conftest.c >&5
configure:4965: $? = 0
configure:4972: result: yes
configure:5198: checking for bswap instruction
configure:5215: gcc -o conftest -g -O2   -L/sw/lib  conftest.c  >&5
ld: warning: directory not found for option '-L/sw/lib'
configure:5215: $? = 0
configure:5218: result: yes
configure:5378: creating ./config.status

## ---------------------- ##
## Running config.status. ##
## ---------------------- ##

This file was extended by motion config.status 3.2.12, which was
generated by GNU Autoconf 2.69.  Invocation command line was

  CONFIG_FILES    = 
  CONFIG_HEADERS  = 
  CONFIG_LINKS    = 
  CONFIG_COMMANDS = 
  $ ./config.status 

on Ruiqis-Macbok-Pro.local

config.status:826: creating thread1.conf
config.status:826: creating thread2.conf
config.status:826: creating thread3.conf
config.status:826: creating thread4.conf
config.status:826: creating motion-dist.conf
config.status:826: creating motion.init-FreeBSD.sh
config.status:826: creating motion.init-Debian
config.status:826: creating motion.init-Fedora
config.status:826: creating motion.spec
config.status:826: creating Makefile
config.status:826: creating config.h

## ---------------- ##
## Cache variables. ##
## ---------------- ##

ac_cv_c_compiler_gnu=yes
ac_cv_c_const=yes
ac_cv_env_CC_set=
ac_cv_env_CC_value=
ac_cv_env_CFLAGS_set=
ac_cv_env_CFLAGS_value=
ac_cv_env_CPPFLAGS_set=
ac_cv_env_CPPFLAGS_value=
ac_cv_env_CPP_set=
ac_cv_env_CPP_value=
ac_cv_env_LDFLAGS_set=
ac_cv_env_LDFLAGS_value=
ac_cv_env_LIBS_set=
ac_cv_env_LIBS_value=
ac_cv_env_build_alias_set=
ac_cv_env_build_alias_value=
ac_cv_env_host_alias_set=
ac_cv_env_host_alias_value=
ac_cv_env_target_alias_set=
ac_cv_env_target_alias_value=
ac_cv_func_get_current_dir_name=no
ac_cv_header_fcntl_h=yes
ac_cv_header_inttypes_h=yes
ac_cv_header_linux_videodev2_h=no
ac_cv_header_linux_videodev_h=no
ac_cv_header_memory_h=yes
ac_cv_header_signal_h=yes
ac_cv_header_stdc=yes
ac_cv_header_stdint_h=yes
ac_cv_header_stdio_h=yes
ac_cv_header_stdlib_h=yes
ac_cv_header_string_h=yes
ac_cv_header_strings_h=yes
ac_cv_header_sys_ioctl_h=yes
ac_cv_header_sys_mman_h=yes
ac_cv_header_sys_param_h=yes
ac_cv_header_sys_stat_h=yes
ac_cv_header_sys_types_h=yes
ac_cv_header_time_h=yes
ac_cv_header_unistd_h=yes
ac_cv_lib_jpeg_jpeg_set_defaults=no
ac_cv_objext=o
ac_cv_path_EGREP='/usr/bin/grep -E'
ac_cv_path_GREP=/usr/bin/grep
ac_cv_prog_CPP='gcc -E'
ac_cv_prog_ac_ct_CC=gcc
ac_cv_prog_cc_c89=
ac_cv_prog_cc_g=yes
ac_cv_sizeof_int=4
ac_cv_sizeof_int_p=8
ac_cv_sizeof_long_int=8
ac_cv_sizeof_long_long=8
ac_cv_sizeof_short=2
ac_cv_sizeof_void_p=8
ac_cv_type_struct_v4l2_buffer=no

## ----------------- ##
## Output variables. ##
## ----------------- ##

BIN_PATH='/usr/local/bin'
CC='gcc'
CFLAGS=' -I/sw/include -g -O2 -DTYPE_32BIT="int" -DHAVE_BSWAP   '
CPP='gcc -E'
CPPFLAGS=''
DEFS='-DHAVE_CONFIG_H'
DOC_DIR=''
ECHO_C='\c'
ECHO_N=''
ECHO_T=''
EGREP='/usr/bin/grep -E'
EXEEXT=''
FFMPEG_OBJ=''
GREP='/usr/bin/grep'
LDFLAGS=' -L/sw/lib '
LIBOBJS=''
LIBS='-lm -L/sw/lib'
LTLIBOBJS=''
OBJEXT='o'
PACKAGE_BUGREPORT=''
PACKAGE_NAME='motion'
PACKAGE_STRING='motion 3.2.12'
PACKAGE_TARNAME='motion'
PACKAGE_URL=''
PACKAGE_VERSION='3.2.12'
PATH_SEPARATOR=':'
SHELL='/bin/sh'
VIDEO='video_freebsd.o'
ac_ct_CC='gcc'
bindir='${exec_prefix}/bin'
build_alias=''
datadir='${datarootdir}'
datarootdir='${prefix}/share'
docdir='${datarootdir}/doc/${PACKAGE_TARNAME}'
dvidir='${docdir}'
exec_prefix='${prefix}'
host_alias=''
htmldir='${docdir}'
includedir='${prefix}/include'
infodir='${datarootdir}/info'
libdir='${exec_prefix}/lib'
libexecdir='${exec_prefix}/libexec'
localedir='${datarootdir}/locale'
localstatedir='${prefix}/var'
mandir='${datarootdir}/man'
oldincludedir='/usr/include'
pdfdir='${docdir}'
prefix='/usr/local'
program_transform_name='s,x,x,'
psdir='${docdir}'
sbindir='${exec_prefix}/sbin'
sharedstatedir='${prefix}/com'
sysconfdir='${prefix}/etc'
target_alias=''

## ----------- ##
## confdefs.h. ##
## ----------- ##

/* confdefs.h */
#define PACKAGE_NAME "motion"
#define PACKAGE_TARNAME "motion"
#define PACKAGE_VERSION "3.2.12"
#define PACKAGE_STRING "motion 3.2.12"
#define PACKAGE_BUGREPORT ""
#define PACKAGE_URL ""
#define STDC_HEADERS 1
#define HAVE_SYS_TYPES_H 1
#define HAVE_SYS_STAT_H 1
#define HAVE_STDLIB_H 1
#define HAVE_STRING_H 1
#define HAVE_MEMORY_H 1
#define HAVE_STRINGS_H 1
#define HAVE_INTTYPES_H 1
#define HAVE_STDINT_H 1
#define HAVE_UNISTD_H 1
#define HAVE_STDIO_H 1
#define HAVE_UNISTD_H 1
#define HAVE_STDINT_H 1
#define HAVE_FCNTL_H 1
#define HAVE_TIME_H 1
#define HAVE_SIGNAL_H 1
#define HAVE_SYS_IOCTL_H 1
#define HAVE_SYS_MMAN_H 1
#define HAVE_SYS_PARAM_H 1
#define HAVE_SYS_TYPES_H 1
#define SIZEOF_SHORT 2
#define SIZEOF_INT 4
#define SIZEOF_LONG_INT 8
#define SIZEOF_LONG_LONG 8
#define SIZEOF_INT_P 8
#define SIZEOF_VOID_P 8

configure: exit 0
